app_self_metrics_calc_seconds 0.01 1749188988657
app_self_metrics_count_total 1 1749188988657
nodejs_heap_read_only_space_total 0 1749188988657
nodejs_heap_read_only_space_used_total 0 1749188988657
nodejs_heap_new_space_total 16777216 1749188988657
nodejs_heap_new_space_used_total 418632 1749188988657
nodejs_heap_old_space_total 51388416 1749188988657
nodejs_heap_old_space_used_total 49498304 1749188988657
nodejs_heap_code_space_total 2359296 1749188988657
nodejs_heap_code_space_used_total 1982656 1749188988657
nodejs_heap_shared_space_total 0 1749188988657
nodejs_heap_shared_space_used_total 0 1749188988657
nodejs_heap_trusted_space_total 5259264 1749188988657
nodejs_heap_trusted_space_used_total 4700352 1749188988657
nodejs_heap_new_large_object_space_total 0 1749188988657
nodejs_heap_new_large_object_space_used_total 0 1749188988657
nodejs_heap_large_object_space_total 11386880 1749188988657
nodejs_heap_large_object_space_used_total 11257472 1749188988657
nodejs_heap_code_large_object_space_total 155648 1749188988657
nodejs_heap_code_large_object_space_used_total 138432 1749188988657
nodejs_heap_shared_large_object_space_total 0 1749188988657
nodejs_heap_shared_large_object_space_used_total 0 1749188988657
nodejs_heap_trusted_large_object_space_total 0 1749188988657
nodejs_heap_trusted_large_object_space_used_total 0 1749188988657

app_self_metrics_calc_seconds 0.001 1749189049003
app_self_metrics_count_total 1 1749189049003
nodejs_heap_read_only_space_total 0 1749189049003
nodejs_heap_read_only_space_used_total 0 1749189049003
nodejs_heap_new_space_total 16777216 1749189049003
nodejs_heap_new_space_used_total 2231256 1749189049003
nodejs_heap_old_space_total 51388416 1749189049003
nodejs_heap_old_space_used_total 49682776 1749189049003
nodejs_heap_code_space_total 2621440 1749189049003
nodejs_heap_code_space_used_total 2268736 1749189049003
nodejs_heap_shared_space_total 0 1749189049003
nodejs_heap_shared_space_used_total 0 1749189049003
nodejs_heap_trusted_space_total 5259264 1749189049003
nodejs_heap_trusted_space_used_total 4786256 1749189049003
nodejs_heap_new_large_object_space_total 0 1749189049003
nodejs_heap_new_large_object_space_used_total 0 1749189049003
nodejs_heap_large_object_space_total 11386880 1749189049003
nodejs_heap_large_object_space_used_total 11257472 1749189049003
nodejs_heap_code_large_object_space_total 155648 1749189049003
nodejs_heap_code_large_object_space_used_total 138432 1749189049003
nodejs_heap_shared_large_object_space_total 0 1749189049003
nodejs_heap_shared_large_object_space_used_total 0 1749189049003
nodejs_heap_trusted_large_object_space_total 0 1749189049003
nodejs_heap_trusted_large_object_space_used_total 0 1749189049003

app_self_metrics_calc_seconds 0 1749189109002
app_self_metrics_count_total 1 1749189109002
nodejs_heap_read_only_space_total 0 1749189109002
nodejs_heap_read_only_space_used_total 0 1749189109002
nodejs_heap_new_space_total 16777216 1749189109002
nodejs_heap_new_space_used_total 3963408 1749189109002
nodejs_heap_old_space_total 51388416 1749189109002
nodejs_heap_old_space_used_total 49754560 1749189109002
nodejs_heap_code_space_total 2621440 1749189109002
nodejs_heap_code_space_used_total 2311104 1749189109002
nodejs_heap_shared_space_total 0 1749189109002
nodejs_heap_shared_space_used_total 0 1749189109002
nodejs_heap_trusted_space_total 5259264 1749189109002
nodejs_heap_trusted_space_used_total 4797792 1749189109002
nodejs_heap_new_large_object_space_total 0 1749189109002
nodejs_heap_new_large_object_space_used_total 0 1749189109002
nodejs_heap_large_object_space_total 11386880 1749189109002
nodejs_heap_large_object_space_used_total 11257472 1749189109002
nodejs_heap_code_large_object_space_total 155648 1749189109002
nodejs_heap_code_large_object_space_used_total 138432 1749189109002
nodejs_heap_shared_large_object_space_total 0 1749189109002
nodejs_heap_shared_large_object_space_used_total 0 1749189109002
nodejs_heap_trusted_large_object_space_total 0 1749189109002
nodejs_heap_trusted_large_object_space_used_total 0 1749189109002

app_self_metrics_calc_seconds 0.003 1749189169007
app_self_metrics_count_total 1 1749189169007
nodejs_heap_read_only_space_total 0 1749189169007
nodejs_heap_read_only_space_used_total 0 1749189169007
nodejs_heap_new_space_total 16777216 1749189169007
nodejs_heap_new_space_used_total 5784232 1749189169007
nodejs_heap_old_space_total 51388416 1749189169007
nodejs_heap_old_space_used_total 49808928 1749189169007
nodejs_heap_code_space_total 2621440 1749189169007
nodejs_heap_code_space_used_total 2323008 1749189169007
nodejs_heap_shared_space_total 0 1749189169007
nodejs_heap_shared_space_used_total 0 1749189169007
nodejs_heap_trusted_space_total 5259264 1749189169007
nodejs_heap_trusted_space_used_total 4801336 1749189169007
nodejs_heap_new_large_object_space_total 0 1749189169007
nodejs_heap_new_large_object_space_used_total 0 1749189169007
nodejs_heap_large_object_space_total 11386880 1749189169007
nodejs_heap_large_object_space_used_total 11257472 1749189169007
nodejs_heap_code_large_object_space_total 155648 1749189169007
nodejs_heap_code_large_object_space_used_total 138432 1749189169007
nodejs_heap_shared_large_object_space_total 0 1749189169007
nodejs_heap_shared_large_object_space_used_total 0 1749189169007
nodejs_heap_trusted_large_object_space_total 0 1749189169007
nodejs_heap_trusted_large_object_space_used_total 0 1749189169007

app_self_metrics_calc_seconds 0.002 1749189229006
app_self_metrics_count_total 1 1749189229006
nodejs_heap_read_only_space_total 0 1749189229006
nodejs_heap_read_only_space_used_total 0 1749189229006
nodejs_heap_new_space_total 3145728 1749189229006
nodejs_heap_new_space_used_total 2239072 1749189229006
nodejs_heap_old_space_total 51388416 1749189229006
nodejs_heap_old_space_used_total 49869584 1749189229006
nodejs_heap_code_space_total 2621440 1749189229006
nodejs_heap_code_space_used_total 2340864 1749189229006
nodejs_heap_shared_space_total 0 1749189229006
nodejs_heap_shared_space_used_total 0 1749189229006
nodejs_heap_trusted_space_total 5259264 1749189229006
nodejs_heap_trusted_space_used_total 4812112 1749189229006
nodejs_heap_new_large_object_space_total 0 1749189229006
nodejs_heap_new_large_object_space_used_total 0 1749189229006
nodejs_heap_large_object_space_total 11386880 1749189229006
nodejs_heap_large_object_space_used_total 11257472 1749189229006
nodejs_heap_code_large_object_space_total 155648 1749189229006
nodejs_heap_code_large_object_space_used_total 138432 1749189229006
nodejs_heap_shared_large_object_space_total 0 1749189229006
nodejs_heap_shared_large_object_space_used_total 0 1749189229006
nodejs_heap_trusted_large_object_space_total 0 1749189229006
nodejs_heap_trusted_large_object_space_used_total 0 1749189229006

app_self_metrics_calc_seconds 0.002 1749189289006
app_self_metrics_count_total 1 1749189289006
nodejs_heap_read_only_space_total 0 1749189289006
nodejs_heap_read_only_space_used_total 0 1749189289006
nodejs_heap_new_space_total 8388608 1749189289006
nodejs_heap_new_space_used_total 2765432 1749189289006
nodejs_heap_old_space_total 57679872 1749189289006
nodejs_heap_old_space_used_total 55348744 1749189289006
nodejs_heap_code_space_total 3932160 1749189289006
nodejs_heap_code_space_used_total 3422208 1749189289006
nodejs_heap_shared_space_total 0 1749189289006
nodejs_heap_shared_space_used_total 0 1749189289006
nodejs_heap_trusted_space_total 5521408 1749189289006
nodejs_heap_trusted_space_used_total 3925440 1749189289006
nodejs_heap_new_large_object_space_total 0 1749189289006
nodejs_heap_new_large_object_space_used_total 0 1749189289006
nodejs_heap_large_object_space_total 13008896 1749189289006
nodejs_heap_large_object_space_used_total 12857536 1749189289006
nodejs_heap_code_large_object_space_total 155648 1749189289006
nodejs_heap_code_large_object_space_used_total 138432 1749189289006
nodejs_heap_shared_large_object_space_total 0 1749189289006
nodejs_heap_shared_large_object_space_used_total 0 1749189289006
nodejs_heap_trusted_large_object_space_total 0 1749189289006
nodejs_heap_trusted_large_object_space_used_total 0 1749189289006

app_self_metrics_calc_seconds 0.001 1749189349057
app_self_metrics_count_total 1 1749189349057
nodejs_heap_read_only_space_total 0 1749189349057
nodejs_heap_read_only_space_used_total 0 1749189349057
nodejs_heap_new_space_total 1048576 1749189349057
nodejs_heap_new_space_used_total 775176 1749189349057
nodejs_heap_old_space_total 52961280 1749189349057
nodejs_heap_old_space_used_total 50605696 1749189349057
nodejs_heap_code_space_total 4456448 1749189349057
nodejs_heap_code_space_used_total 3884352 1749189349057
nodejs_heap_shared_space_total 0 1749189349057
nodejs_heap_shared_space_used_total 0 1749189349057
nodejs_heap_trusted_space_total 3162112 1749189349057
nodejs_heap_trusted_space_used_total 2776560 1749189349057
nodejs_heap_new_large_object_space_total 0 1749189349057
nodejs_heap_new_large_object_space_used_total 0 1749189349057
nodejs_heap_large_object_space_total 13008896 1749189349057
nodejs_heap_large_object_space_used_total 12857536 1749189349057
nodejs_heap_code_large_object_space_total 155648 1749189349057
nodejs_heap_code_large_object_space_used_total 138432 1749189349057
nodejs_heap_shared_large_object_space_total 0 1749189349057
nodejs_heap_shared_large_object_space_used_total 0 1749189349057
nodejs_heap_trusted_large_object_space_total 0 1749189349057
nodejs_heap_trusted_large_object_space_used_total 0 1749189349057

app_self_metrics_calc_seconds 0 1749189409167
app_self_metrics_count_total 1 1749189409167
nodejs_heap_read_only_space_total 0 1749189409167
nodejs_heap_read_only_space_used_total 0 1749189409167
nodejs_heap_new_space_total 1048576 1749189409167
nodejs_heap_new_space_used_total 491488 1749189409167
nodejs_heap_old_space_total 54009856 1749189409167
nodejs_heap_old_space_used_total 51652232 1749189409167
nodejs_heap_code_space_total 4456448 1749189409167
nodejs_heap_code_space_used_total 3941312 1749189409167
nodejs_heap_shared_space_total 0 1749189409167
nodejs_heap_shared_space_used_total 0 1749189409167
nodejs_heap_trusted_space_total 3162112 1749189409167
nodejs_heap_trusted_space_used_total 2824000 1749189409167
nodejs_heap_new_large_object_space_total 0 1749189409167
nodejs_heap_new_large_object_space_used_total 0 1749189409167
nodejs_heap_large_object_space_total 13008896 1749189409167
nodejs_heap_large_object_space_used_total 12857536 1749189409167
nodejs_heap_code_large_object_space_total 155648 1749189409167
nodejs_heap_code_large_object_space_used_total 138432 1749189409167
nodejs_heap_shared_large_object_space_total 0 1749189409167
nodejs_heap_shared_large_object_space_used_total 0 1749189409167
nodejs_heap_trusted_large_object_space_total 0 1749189409167
nodejs_heap_trusted_large_object_space_used_total 0 1749189409167

app_self_metrics_calc_seconds 0 1749189469297
app_self_metrics_count_total 1 1749189469297
nodejs_heap_read_only_space_total 0 1749189469297
nodejs_heap_read_only_space_used_total 0 1749189469297
nodejs_heap_new_space_total 1048576 1749189469297
nodejs_heap_new_space_used_total 216344 1749189469297
nodejs_heap_old_space_total 55058432 1749189469297
nodejs_heap_old_space_used_total 53122960 1749189469297
nodejs_heap_code_space_total 4456448 1749189469297
nodejs_heap_code_space_used_total 4049728 1749189469297
nodejs_heap_shared_space_total 0 1749189469297
nodejs_heap_shared_space_used_total 0 1749189469297
nodejs_heap_trusted_space_total 3162112 1749189469297
nodejs_heap_trusted_space_used_total 2878616 1749189469297
nodejs_heap_new_large_object_space_total 0 1749189469297
nodejs_heap_new_large_object_space_used_total 0 1749189469297
nodejs_heap_large_object_space_total 13008896 1749189469297
nodejs_heap_large_object_space_used_total 12857536 1749189469297
nodejs_heap_code_large_object_space_total 155648 1749189469297
nodejs_heap_code_large_object_space_used_total 138432 1749189469297
nodejs_heap_shared_large_object_space_total 0 1749189469297
nodejs_heap_shared_large_object_space_used_total 0 1749189469297
nodejs_heap_trusted_large_object_space_total 0 1749189469297
nodejs_heap_trusted_large_object_space_used_total 0 1749189469297

app_self_metrics_calc_seconds 0 1749189529296
app_self_metrics_count_total 1 1749189529296
nodejs_heap_read_only_space_total 0 1749189529296
nodejs_heap_read_only_space_used_total 0 1749189529296
nodejs_heap_new_space_total 1048576 1749189529296
nodejs_heap_new_space_used_total 651568 1749189529296
nodejs_heap_old_space_total 55844864 1749189529296
nodejs_heap_old_space_used_total 53957880 1749189529296
nodejs_heap_code_space_total 4718592 1749189529296
nodejs_heap_code_space_used_total 4074112 1749189529296
nodejs_heap_shared_space_total 0 1749189529296
nodejs_heap_shared_space_used_total 0 1749189529296
nodejs_heap_trusted_space_total 3162112 1749189529296
nodejs_heap_trusted_space_used_total 2885104 1749189529296
nodejs_heap_new_large_object_space_total 0 1749189529296
nodejs_heap_new_large_object_space_used_total 0 1749189529296
nodejs_heap_large_object_space_total 13008896 1749189529296
nodejs_heap_large_object_space_used_total 12857536 1749189529296
nodejs_heap_code_large_object_space_total 155648 1749189529296
nodejs_heap_code_large_object_space_used_total 138432 1749189529296
nodejs_heap_shared_large_object_space_total 0 1749189529296
nodejs_heap_shared_large_object_space_used_total 0 1749189529296
nodejs_heap_trusted_large_object_space_total 0 1749189529296
nodejs_heap_trusted_large_object_space_used_total 0 1749189529296

app_self_metrics_calc_seconds 0.001 1749189589302
app_self_metrics_count_total 1 1749189589302
nodejs_heap_read_only_space_total 0 1749189589302
nodejs_heap_read_only_space_used_total 0 1749189589302
nodejs_heap_new_space_total 1048576 1749189589302
nodejs_heap_new_space_used_total 305272 1749189589302
nodejs_heap_old_space_total 56631296 1749189589302
nodejs_heap_old_space_used_total 54633904 1749189589302
nodejs_heap_code_space_total 4718592 1749189589302
nodejs_heap_code_space_used_total 4081152 1749189589302
nodejs_heap_shared_space_total 0 1749189589302
nodejs_heap_shared_space_used_total 0 1749189589302
nodejs_heap_trusted_space_total 3162112 1749189589302
nodejs_heap_trusted_space_used_total 2888344 1749189589302
nodejs_heap_new_large_object_space_total 0 1749189589302
nodejs_heap_new_large_object_space_used_total 0 1749189589302
nodejs_heap_large_object_space_total 13008896 1749189589302
nodejs_heap_large_object_space_used_total 12857536 1749189589302
nodejs_heap_code_large_object_space_total 155648 1749189589302
nodejs_heap_code_large_object_space_used_total 138432 1749189589302
nodejs_heap_shared_large_object_space_total 0 1749189589302
nodejs_heap_shared_large_object_space_used_total 0 1749189589302
nodejs_heap_trusted_large_object_space_total 0 1749189589302
nodejs_heap_trusted_large_object_space_used_total 0 1749189589302

app_self_metrics_calc_seconds 0 1749189649299
app_self_metrics_count_total 1 1749189649299
nodejs_heap_read_only_space_total 0 1749189649299
nodejs_heap_read_only_space_used_total 0 1749189649299
nodejs_heap_new_space_total 1048576 1749189649299
nodejs_heap_new_space_used_total 383792 1749189649299
nodejs_heap_old_space_total 57417728 1749189649299
nodejs_heap_old_space_used_total 55226488 1749189649299
nodejs_heap_code_space_total 4718592 1749189649299
nodejs_heap_code_space_used_total 4098112 1749189649299
nodejs_heap_shared_space_total 0 1749189649299
nodejs_heap_shared_space_used_total 0 1749189649299
nodejs_heap_trusted_space_total 3162112 1749189649299
nodejs_heap_trusted_space_used_total 2891584 1749189649299
nodejs_heap_new_large_object_space_total 0 1749189649299
nodejs_heap_new_large_object_space_used_total 0 1749189649299
nodejs_heap_large_object_space_total 13008896 1749189649299
nodejs_heap_large_object_space_used_total 12857536 1749189649299
nodejs_heap_code_large_object_space_total 155648 1749189649299
nodejs_heap_code_large_object_space_used_total 138432 1749189649299
nodejs_heap_shared_large_object_space_total 0 1749189649299
nodejs_heap_shared_large_object_space_used_total 0 1749189649299
nodejs_heap_trusted_large_object_space_total 0 1749189649299
nodejs_heap_trusted_large_object_space_used_total 0 1749189649299

app_self_metrics_calc_seconds 0.001 1749189709302
app_self_metrics_count_total 1 1749189709302
nodejs_heap_read_only_space_total 0 1749189709302
nodejs_heap_read_only_space_used_total 0 1749189709302
nodejs_heap_new_space_total 1048576 1749189709302
nodejs_heap_new_space_used_total 553960 1749189709302
nodejs_heap_old_space_total 57679872 1749189709302
nodejs_heap_old_space_used_total 55775400 1749189709302
nodejs_heap_code_space_total 4718592 1749189709302
nodejs_heap_code_space_used_total 4106112 1749189709302
nodejs_heap_shared_space_total 0 1749189709302
nodejs_heap_shared_space_used_total 0 1749189709302
nodejs_heap_trusted_space_total 3162112 1749189709302
nodejs_heap_trusted_space_used_total 2894040 1749189709302
nodejs_heap_new_large_object_space_total 0 1749189709302
nodejs_heap_new_large_object_space_used_total 0 1749189709302
nodejs_heap_large_object_space_total 13008896 1749189709302
nodejs_heap_large_object_space_used_total 12857536 1749189709302
nodejs_heap_code_large_object_space_total 155648 1749189709302
nodejs_heap_code_large_object_space_used_total 138432 1749189709302
nodejs_heap_shared_large_object_space_total 0 1749189709302
nodejs_heap_shared_large_object_space_used_total 0 1749189709302
nodejs_heap_trusted_large_object_space_total 0 1749189709302
nodejs_heap_trusted_large_object_space_used_total 0 1749189709302

app_self_metrics_calc_seconds 0.001 1749189769303
app_self_metrics_count_total 1 1749189769303
nodejs_heap_read_only_space_total 0 1749189769303
nodejs_heap_read_only_space_used_total 0 1749189769303
nodejs_heap_new_space_total 2097152 1749189769303
nodejs_heap_new_space_used_total 379128 1749189769303
nodejs_heap_old_space_total 58466304 1749189769303
nodejs_heap_old_space_used_total 56293824 1749189769303
nodejs_heap_code_space_total 4718592 1749189769303
nodejs_heap_code_space_used_total 4106560 1749189769303
nodejs_heap_shared_space_total 0 1749189769303
nodejs_heap_shared_space_used_total 0 1749189769303
nodejs_heap_trusted_space_total 3162112 1749189769303
nodejs_heap_trusted_space_used_total 2894344 1749189769303
nodejs_heap_new_large_object_space_total 0 1749189769303
nodejs_heap_new_large_object_space_used_total 0 1749189769303
nodejs_heap_large_object_space_total 13008896 1749189769303
nodejs_heap_large_object_space_used_total 12857536 1749189769303
nodejs_heap_code_large_object_space_total 155648 1749189769303
nodejs_heap_code_large_object_space_used_total 138432 1749189769303
nodejs_heap_shared_large_object_space_total 0 1749189769303
nodejs_heap_shared_large_object_space_used_total 0 1749189769303
nodejs_heap_trusted_large_object_space_total 0 1749189769303
nodejs_heap_trusted_large_object_space_used_total 0 1749189769303

app_self_metrics_calc_seconds 0 1749189829305
app_self_metrics_count_total 1 1749189829305
nodejs_heap_read_only_space_total 0 1749189829305
nodejs_heap_read_only_space_used_total 0 1749189829305
nodejs_heap_new_space_total 1048576 1749189829305
nodejs_heap_new_space_used_total 774688 1749189829305
nodejs_heap_old_space_total 58728448 1749189829305
nodejs_heap_old_space_used_total 56747680 1749189829305
nodejs_heap_code_space_total 4718592 1749189829305
nodejs_heap_code_space_used_total 4120384 1749189829305
nodejs_heap_shared_space_total 0 1749189829305
nodejs_heap_shared_space_used_total 0 1749189829305
nodejs_heap_trusted_space_total 3162112 1749189829305
nodejs_heap_trusted_space_used_total 2899088 1749189829305
nodejs_heap_new_large_object_space_total 0 1749189829305
nodejs_heap_new_large_object_space_used_total 0 1749189829305
nodejs_heap_large_object_space_total 13008896 1749189829305
nodejs_heap_large_object_space_used_total 12857536 1749189829305
nodejs_heap_code_large_object_space_total 155648 1749189829305
nodejs_heap_code_large_object_space_used_total 138432 1749189829305
nodejs_heap_shared_large_object_space_total 0 1749189829305
nodejs_heap_shared_large_object_space_used_total 0 1749189829305
nodejs_heap_trusted_large_object_space_total 0 1749189829305
nodejs_heap_trusted_large_object_space_used_total 0 1749189829305

app_self_metrics_calc_seconds 0 1749189894122
app_self_metrics_count_total 1 1749189894122
nodejs_heap_read_only_space_total 0 1749189894122
nodejs_heap_read_only_space_used_total 0 1749189894122
nodejs_heap_new_space_total 1048576 1749189894122
nodejs_heap_new_space_used_total 771184 1749189894122
nodejs_heap_old_space_total 59252736 1749189894122
nodejs_heap_old_space_used_total 57248512 1749189894122
nodejs_heap_code_space_total 4718592 1749189894122
nodejs_heap_code_space_used_total 4122560 1749189894122
nodejs_heap_shared_space_total 0 1749189894122
nodejs_heap_shared_space_used_total 0 1749189894122
nodejs_heap_trusted_space_total 3162112 1749189894122
nodejs_heap_trusted_space_used_total 2901232 1749189894122
nodejs_heap_new_large_object_space_total 0 1749189894122
nodejs_heap_new_large_object_space_used_total 0 1749189894122
nodejs_heap_large_object_space_total 13008896 1749189894122
nodejs_heap_large_object_space_used_total 12857536 1749189894122
nodejs_heap_code_large_object_space_total 155648 1749189894122
nodejs_heap_code_large_object_space_used_total 138432 1749189894122
nodejs_heap_shared_large_object_space_total 0 1749189894122
nodejs_heap_shared_large_object_space_used_total 0 1749189894122
nodejs_heap_trusted_large_object_space_total 0 1749189894122
nodejs_heap_trusted_large_object_space_used_total 0 1749189894122

app_self_metrics_calc_seconds 0 1749189954122
app_self_metrics_count_total 1 1749189954122
nodejs_heap_read_only_space_total 0 1749189954122
nodejs_heap_read_only_space_used_total 0 1749189954122
nodejs_heap_new_space_total 1048576 1749189954122
nodejs_heap_new_space_used_total 75144 1749189954122
nodejs_heap_old_space_total 60301312 1749189954122
nodejs_heap_old_space_used_total 50378392 1749189954122
nodejs_heap_code_space_total 4718592 1749189954122
nodejs_heap_code_space_used_total 4060864 1749189954122
nodejs_heap_shared_space_total 0 1749189954122
nodejs_heap_shared_space_used_total 0 1749189954122
nodejs_heap_trusted_space_total 3162112 1749189954122
nodejs_heap_trusted_space_used_total 2343120 1749189954122
nodejs_heap_new_large_object_space_total 0 1749189954122
nodejs_heap_new_large_object_space_used_total 0 1749189954122
nodejs_heap_large_object_space_total 13008896 1749189954122
nodejs_heap_large_object_space_used_total 12857536 1749189954122
nodejs_heap_code_large_object_space_total 155648 1749189954122
nodejs_heap_code_large_object_space_used_total 138432 1749189954122
nodejs_heap_shared_large_object_space_total 0 1749189954122
nodejs_heap_shared_large_object_space_used_total 0 1749189954122
nodejs_heap_trusted_large_object_space_total 0 1749189954122
nodejs_heap_trusted_large_object_space_used_total 0 1749189954122

app_self_metrics_calc_seconds 0 1749190014126
app_self_metrics_count_total 1 1749190014126
nodejs_heap_read_only_space_total 0 1749190014126
nodejs_heap_read_only_space_used_total 0 1749190014126
nodejs_heap_new_space_total 4194304 1749190014126
nodejs_heap_new_space_used_total 198848 1749190014126
nodejs_heap_old_space_total 60301312 1749190014126
nodejs_heap_old_space_used_total 52332688 1749190014126
nodejs_heap_code_space_total 4718592 1749190014126
nodejs_heap_code_space_used_total 4127232 1749190014126
nodejs_heap_shared_space_total 0 1749190014126
nodejs_heap_shared_space_used_total 0 1749190014126
nodejs_heap_trusted_space_total 3162112 1749190014126
nodejs_heap_trusted_space_used_total 2363472 1749190014126
nodejs_heap_new_large_object_space_total 0 1749190014126
nodejs_heap_new_large_object_space_used_total 0 1749190014126
nodejs_heap_large_object_space_total 13008896 1749190014126
nodejs_heap_large_object_space_used_total 12857536 1749190014126
nodejs_heap_code_large_object_space_total 155648 1749190014126
nodejs_heap_code_large_object_space_used_total 138432 1749190014126
nodejs_heap_shared_large_object_space_total 0 1749190014126
nodejs_heap_shared_large_object_space_used_total 0 1749190014126
nodejs_heap_trusted_large_object_space_total 0 1749190014126
nodejs_heap_trusted_large_object_space_used_total 0 1749190014126

app_self_metrics_calc_seconds 0.001 1749190074128
app_self_metrics_count_total 1 1749190074128
nodejs_heap_read_only_space_total 0 1749190074128
nodejs_heap_read_only_space_used_total 0 1749190074128
nodejs_heap_new_space_total 1048576 1749190074128
nodejs_heap_new_space_used_total 523920 1749190074128
nodejs_heap_old_space_total 59252736 1749190074128
nodejs_heap_old_space_used_total 52467144 1749190074128
nodejs_heap_code_space_total 4718592 1749190074128
nodejs_heap_code_space_used_total 4130432 1749190074128
nodejs_heap_shared_space_total 0 1749190074128
nodejs_heap_shared_space_used_total 0 1749190074128
nodejs_heap_trusted_space_total 3162112 1749190074128
nodejs_heap_trusted_space_used_total 2359224 1749190074128
nodejs_heap_new_large_object_space_total 0 1749190074128
nodejs_heap_new_large_object_space_used_total 0 1749190074128
nodejs_heap_large_object_space_total 13008896 1749190074128
nodejs_heap_large_object_space_used_total 12857536 1749190074128
nodejs_heap_code_large_object_space_total 155648 1749190074128
nodejs_heap_code_large_object_space_used_total 138432 1749190074128
nodejs_heap_shared_large_object_space_total 0 1749190074128
nodejs_heap_shared_large_object_space_used_total 0 1749190074128
nodejs_heap_trusted_large_object_space_total 0 1749190074128
nodejs_heap_trusted_large_object_space_used_total 0 1749190074128

app_self_metrics_calc_seconds 0 1749190134132
app_self_metrics_count_total 1 1749190134132
nodejs_heap_read_only_space_total 0 1749190134132
nodejs_heap_read_only_space_used_total 0 1749190134132
nodejs_heap_new_space_total 2097152 1749190134132
nodejs_heap_new_space_used_total 555824 1749190134132
nodejs_heap_old_space_total 59252736 1749190134132
nodejs_heap_old_space_used_total 53307736 1749190134132
nodejs_heap_code_space_total 4718592 1749190134132
nodejs_heap_code_space_used_total 4187008 1749190134132
nodejs_heap_shared_space_total 0 1749190134132
nodejs_heap_shared_space_used_total 0 1749190134132
nodejs_heap_trusted_space_total 3162112 1749190134132
nodejs_heap_trusted_space_used_total 2371824 1749190134132
nodejs_heap_new_large_object_space_total 0 1749190134132
nodejs_heap_new_large_object_space_used_total 0 1749190134132
nodejs_heap_large_object_space_total 13008896 1749190134132
nodejs_heap_large_object_space_used_total 12857536 1749190134132
nodejs_heap_code_large_object_space_total 155648 1749190134132
nodejs_heap_code_large_object_space_used_total 138432 1749190134132
nodejs_heap_shared_large_object_space_total 0 1749190134132
nodejs_heap_shared_large_object_space_used_total 0 1749190134132
nodejs_heap_trusted_large_object_space_total 0 1749190134132
nodejs_heap_trusted_large_object_space_used_total 0 1749190134132

app_self_metrics_calc_seconds 0.001 1749190195735
app_self_metrics_count_total 1 1749190195735
nodejs_heap_read_only_space_total 0 1749190195735
nodejs_heap_read_only_space_used_total 0 1749190195735
nodejs_heap_new_space_total 1048576 1749190195735
nodejs_heap_new_space_used_total 463320 1749190195735
nodejs_heap_old_space_total 59252736 1749190195735
nodejs_heap_old_space_used_total 53734520 1749190195735
nodejs_heap_code_space_total 4718592 1749190195735
nodejs_heap_code_space_used_total 4198848 1749190195735
nodejs_heap_shared_space_total 0 1749190195735
nodejs_heap_shared_space_used_total 0 1749190195735
nodejs_heap_trusted_space_total 3162112 1749190195735
nodejs_heap_trusted_space_used_total 2376648 1749190195735
nodejs_heap_new_large_object_space_total 0 1749190195735
nodejs_heap_new_large_object_space_used_total 0 1749190195735
nodejs_heap_large_object_space_total 13008896 1749190195735
nodejs_heap_large_object_space_used_total 12857536 1749190195735
nodejs_heap_code_large_object_space_total 155648 1749190195735
nodejs_heap_code_large_object_space_used_total 138432 1749190195735
nodejs_heap_shared_large_object_space_total 0 1749190195735
nodejs_heap_shared_large_object_space_used_total 0 1749190195735
nodejs_heap_trusted_large_object_space_total 0 1749190195735
nodejs_heap_trusted_large_object_space_used_total 0 1749190195735

app_self_metrics_calc_seconds 0.001 1749190255736
app_self_metrics_count_total 1 1749190255736
nodejs_heap_read_only_space_total 0 1749190255736
nodejs_heap_read_only_space_used_total 0 1749190255736
nodejs_heap_new_space_total 1048576 1749190255736
nodejs_heap_new_space_used_total 765712 1749190255736
nodejs_heap_old_space_total 59252736 1749190255736
nodejs_heap_old_space_used_total 54305544 1749190255736
nodejs_heap_code_space_total 4718592 1749190255736
nodejs_heap_code_space_used_total 4206784 1749190255736
nodejs_heap_shared_space_total 0 1749190255736
nodejs_heap_shared_space_used_total 0 1749190255736
nodejs_heap_trusted_space_total 3162112 1749190255736
nodejs_heap_trusted_space_used_total 2380576 1749190255736
nodejs_heap_new_large_object_space_total 0 1749190255736
nodejs_heap_new_large_object_space_used_total 0 1749190255736
nodejs_heap_large_object_space_total 13008896 1749190255736
nodejs_heap_large_object_space_used_total 12857536 1749190255736
nodejs_heap_code_large_object_space_total 155648 1749190255736
nodejs_heap_code_large_object_space_used_total 138432 1749190255736
nodejs_heap_shared_large_object_space_total 0 1749190255736
nodejs_heap_shared_large_object_space_used_total 0 1749190255736
nodejs_heap_trusted_large_object_space_total 0 1749190255736
nodejs_heap_trusted_large_object_space_used_total 0 1749190255736

app_self_metrics_calc_seconds 0 1749190315736
app_self_metrics_count_total 1 1749190315736
nodejs_heap_read_only_space_total 0 1749190315736
nodejs_heap_read_only_space_used_total 0 1749190315736
nodejs_heap_new_space_total 1048576 1749190315736
nodejs_heap_new_space_used_total 700912 1749190315736
nodejs_heap_old_space_total 59252736 1749190315736
nodejs_heap_old_space_used_total 54871864 1749190315736
nodejs_heap_code_space_total 4718592 1749190315736
nodejs_heap_code_space_used_total 4221696 1749190315736
nodejs_heap_shared_space_total 0 1749190315736
nodejs_heap_shared_space_used_total 0 1749190315736
nodejs_heap_trusted_space_total 3162112 1749190315736
nodejs_heap_trusted_space_used_total 2385320 1749190315736
nodejs_heap_new_large_object_space_total 0 1749190315736
nodejs_heap_new_large_object_space_used_total 0 1749190315736
nodejs_heap_large_object_space_total 13008896 1749190315736
nodejs_heap_large_object_space_used_total 12857536 1749190315736
nodejs_heap_code_large_object_space_total 155648 1749190315736
nodejs_heap_code_large_object_space_used_total 138432 1749190315736
nodejs_heap_shared_large_object_space_total 0 1749190315736
nodejs_heap_shared_large_object_space_used_total 0 1749190315736
nodejs_heap_trusted_large_object_space_total 0 1749190315736
nodejs_heap_trusted_large_object_space_used_total 0 1749190315736

app_self_metrics_calc_seconds 0 1749190375737
app_self_metrics_count_total 1 1749190375737
nodejs_heap_read_only_space_total 0 1749190375737
nodejs_heap_read_only_space_used_total 0 1749190375737
nodejs_heap_new_space_total 2097152 1749190375737
nodejs_heap_new_space_used_total 679232 1749190375737
nodejs_heap_old_space_total 59252736 1749190375737
nodejs_heap_old_space_used_total 55407704 1749190375737
nodejs_heap_code_space_total 4980736 1749190375737
nodejs_heap_code_space_used_total 4229696 1749190375737
nodejs_heap_shared_space_total 0 1749190375737
nodejs_heap_shared_space_used_total 0 1749190375737
nodejs_heap_trusted_space_total 3162112 1749190375737
nodejs_heap_trusted_space_used_total 2388272 1749190375737
nodejs_heap_new_large_object_space_total 0 1749190375737
nodejs_heap_new_large_object_space_used_total 0 1749190375737
nodejs_heap_large_object_space_total 13008896 1749190375737
nodejs_heap_large_object_space_used_total 12857536 1749190375737
nodejs_heap_code_large_object_space_total 155648 1749190375737
nodejs_heap_code_large_object_space_used_total 138432 1749190375737
nodejs_heap_shared_large_object_space_total 0 1749190375737
nodejs_heap_shared_large_object_space_used_total 0 1749190375737
nodejs_heap_trusted_large_object_space_total 0 1749190375737
nodejs_heap_trusted_large_object_space_used_total 0 1749190375737

app_self_metrics_calc_seconds 0.001 1749190435740
app_self_metrics_count_total 1 1749190435740
nodejs_heap_read_only_space_total 0 1749190435740
nodejs_heap_read_only_space_used_total 0 1749190435740
nodejs_heap_new_space_total 1048576 1749190435740
nodejs_heap_new_space_used_total 798880 1749190435740
nodejs_heap_old_space_total 59252736 1749190435740
nodejs_heap_old_space_used_total 55957976 1749190435740
nodejs_heap_code_space_total 4980736 1749190435740
nodejs_heap_code_space_used_total 4242752 1749190435740
nodejs_heap_shared_space_total 0 1749190435740
nodejs_heap_shared_space_used_total 0 1749190435740
nodejs_heap_trusted_space_total 3162112 1749190435740
nodejs_heap_trusted_space_used_total 2393928 1749190435740
nodejs_heap_new_large_object_space_total 0 1749190435740
nodejs_heap_new_large_object_space_used_total 0 1749190435740
nodejs_heap_large_object_space_total 13008896 1749190435740
nodejs_heap_large_object_space_used_total 12857536 1749190435740
nodejs_heap_code_large_object_space_total 155648 1749190435740
nodejs_heap_code_large_object_space_used_total 138432 1749190435740
nodejs_heap_shared_large_object_space_total 0 1749190435740
nodejs_heap_shared_large_object_space_used_total 0 1749190435740
nodejs_heap_trusted_large_object_space_total 0 1749190435740
nodejs_heap_trusted_large_object_space_used_total 0 1749190435740

app_self_metrics_calc_seconds 0.001 1749190495742
app_self_metrics_count_total 1 1749190495742
nodejs_heap_read_only_space_total 0 1749190495742
nodejs_heap_read_only_space_used_total 0 1749190495742
nodejs_heap_new_space_total 1048576 1749190495742
nodejs_heap_new_space_used_total 819736 1749190495742
nodejs_heap_old_space_total 59514880 1749190495742
nodejs_heap_old_space_used_total 56527872 1749190495742
nodejs_heap_code_space_total 4980736 1749190495742
nodejs_heap_code_space_used_total 4247872 1749190495742
nodejs_heap_shared_space_total 0 1749190495742
nodejs_heap_shared_space_used_total 0 1749190495742
nodejs_heap_trusted_space_total 3162112 1749190495742
nodejs_heap_trusted_space_used_total 2395320 1749190495742
nodejs_heap_new_large_object_space_total 0 1749190495742
nodejs_heap_new_large_object_space_used_total 0 1749190495742
nodejs_heap_large_object_space_total 13008896 1749190495742
nodejs_heap_large_object_space_used_total 12857536 1749190495742
nodejs_heap_code_large_object_space_total 155648 1749190495742
nodejs_heap_code_large_object_space_used_total 138432 1749190495742
nodejs_heap_shared_large_object_space_total 0 1749190495742
nodejs_heap_shared_large_object_space_used_total 0 1749190495742
nodejs_heap_trusted_large_object_space_total 0 1749190495742
nodejs_heap_trusted_large_object_space_used_total 0 1749190495742

app_self_metrics_calc_seconds 0.001 1749190555743
app_self_metrics_count_total 1 1749190555743
nodejs_heap_read_only_space_total 0 1749190555743
nodejs_heap_read_only_space_used_total 0 1749190555743
nodejs_heap_new_space_total 1048576 1749190555743
nodejs_heap_new_space_used_total 801352 1749190555743
nodejs_heap_old_space_total 60301312 1749190555743
nodejs_heap_old_space_used_total 57701768 1749190555743
nodejs_heap_code_space_total 4980736 1749190555743
nodejs_heap_code_space_used_total 4265792 1749190555743
nodejs_heap_shared_space_total 0 1749190555743
nodejs_heap_shared_space_used_total 0 1749190555743
nodejs_heap_trusted_space_total 3162112 1749190555743
nodejs_heap_trusted_space_used_total 2404120 1749190555743
nodejs_heap_new_large_object_space_total 0 1749190555743
nodejs_heap_new_large_object_space_used_total 0 1749190555743
nodejs_heap_large_object_space_total 13008896 1749190555743
nodejs_heap_large_object_space_used_total 12857536 1749190555743
nodejs_heap_code_large_object_space_total 155648 1749190555743
nodejs_heap_code_large_object_space_used_total 138432 1749190555743
nodejs_heap_shared_large_object_space_total 0 1749190555743
nodejs_heap_shared_large_object_space_used_total 0 1749190555743
nodejs_heap_trusted_large_object_space_total 0 1749190555743
nodejs_heap_trusted_large_object_space_used_total 0 1749190555743

app_self_metrics_calc_seconds 0 1749190615744
app_self_metrics_count_total 1 1749190615744
nodejs_heap_read_only_space_total 0 1749190615744
nodejs_heap_read_only_space_used_total 0 1749190615744
nodejs_heap_new_space_total 1048576 1749190615744
nodejs_heap_new_space_used_total 182832 1749190615744
nodejs_heap_old_space_total 61087744 1749190615744
nodejs_heap_old_space_used_total 58317112 1749190615744
nodejs_heap_code_space_total 4980736 1749190615744
nodejs_heap_code_space_used_total 4277952 1749190615744
nodejs_heap_shared_space_total 0 1749190615744
nodejs_heap_shared_space_used_total 0 1749190615744
nodejs_heap_trusted_space_total 3162112 1749190615744
nodejs_heap_trusted_space_used_total 2409704 1749190615744
nodejs_heap_new_large_object_space_total 0 1749190615744
nodejs_heap_new_large_object_space_used_total 0 1749190615744
nodejs_heap_large_object_space_total 13008896 1749190615744
nodejs_heap_large_object_space_used_total 12857536 1749190615744
nodejs_heap_code_large_object_space_total 155648 1749190615744
nodejs_heap_code_large_object_space_used_total 138432 1749190615744
nodejs_heap_shared_large_object_space_total 0 1749190615744
nodejs_heap_shared_large_object_space_used_total 0 1749190615744
nodejs_heap_trusted_large_object_space_total 0 1749190615744
nodejs_heap_trusted_large_object_space_used_total 0 1749190615744

app_self_metrics_calc_seconds 0 1749190675745
app_self_metrics_count_total 1 1749190675745
nodejs_heap_read_only_space_total 0 1749190675745
nodejs_heap_read_only_space_used_total 0 1749190675745
nodejs_heap_new_space_total 1048576 1749190675745
nodejs_heap_new_space_used_total 466912 1749190675745
nodejs_heap_old_space_total 60825600 1749190675745
nodejs_heap_old_space_used_total 50242304 1749190675745
nodejs_heap_code_space_total 4980736 1749190675745
nodejs_heap_code_space_used_total 4244608 1749190675745
nodejs_heap_shared_space_total 0 1749190675745
nodejs_heap_shared_space_used_total 0 1749190675745
nodejs_heap_trusted_space_total 2899968 1749190675745
nodejs_heap_trusted_space_used_total 2331728 1749190675745
nodejs_heap_new_large_object_space_total 0 1749190675745
nodejs_heap_new_large_object_space_used_total 0 1749190675745
nodejs_heap_large_object_space_total 13008896 1749190675745
nodejs_heap_large_object_space_used_total 12857536 1749190675745
nodejs_heap_code_large_object_space_total 155648 1749190675745
nodejs_heap_code_large_object_space_used_total 138432 1749190675745
nodejs_heap_shared_large_object_space_total 0 1749190675745
nodejs_heap_shared_large_object_space_used_total 0 1749190675745
nodejs_heap_trusted_large_object_space_total 0 1749190675745
nodejs_heap_trusted_large_object_space_used_total 0 1749190675745

app_self_metrics_calc_seconds 0 1749190735746
app_self_metrics_count_total 1 1749190735746
nodejs_heap_read_only_space_total 0 1749190735746
nodejs_heap_read_only_space_used_total 0 1749190735746
nodejs_heap_new_space_total 2097152 1749190735746
nodejs_heap_new_space_used_total 581760 1749190735746
nodejs_heap_old_space_total 60825600 1749190735746
nodejs_heap_old_space_used_total 50896192 1749190735746
nodejs_heap_code_space_total 4980736 1749190735746
nodejs_heap_code_space_used_total 4257792 1749190735746
nodejs_heap_shared_space_total 0 1749190735746
nodejs_heap_shared_space_used_total 0 1749190735746
nodejs_heap_trusted_space_total 2899968 1749190735746
nodejs_heap_trusted_space_used_total 2336064 1749190735746
nodejs_heap_new_large_object_space_total 0 1749190735746
nodejs_heap_new_large_object_space_used_total 0 1749190735746
nodejs_heap_large_object_space_total 13008896 1749190735746
nodejs_heap_large_object_space_used_total 12857536 1749190735746
nodejs_heap_code_large_object_space_total 155648 1749190735746
nodejs_heap_code_large_object_space_used_total 138432 1749190735746
nodejs_heap_shared_large_object_space_total 0 1749190735746
nodejs_heap_shared_large_object_space_used_total 0 1749190735746
nodejs_heap_trusted_large_object_space_total 0 1749190735746
nodejs_heap_trusted_large_object_space_used_total 0 1749190735746

app_self_metrics_calc_seconds 0 1749190795746
app_self_metrics_count_total 1 1749190795746
nodejs_heap_read_only_space_total 0 1749190795746
nodejs_heap_read_only_space_used_total 0 1749190795746
nodejs_heap_new_space_total 1048576 1749190795746
nodejs_heap_new_space_used_total 758664 1749190795746
nodejs_heap_old_space_total 60825600 1749190795746
nodejs_heap_old_space_used_total 51394872 1749190795746
nodejs_heap_code_space_total 4980736 1749190795746
nodejs_heap_code_space_used_total 4261824 1749190795746
nodejs_heap_shared_space_total 0 1749190795746
nodejs_heap_shared_space_used_total 0 1749190795746
nodejs_heap_trusted_space_total 2899968 1749190795746
nodejs_heap_trusted_space_used_total 2353384 1749190795746
nodejs_heap_new_large_object_space_total 0 1749190795746
nodejs_heap_new_large_object_space_used_total 0 1749190795746
nodejs_heap_large_object_space_total 13008896 1749190795746
nodejs_heap_large_object_space_used_total 12857536 1749190795746
nodejs_heap_code_large_object_space_total 155648 1749190795746
nodejs_heap_code_large_object_space_used_total 138432 1749190795746
nodejs_heap_shared_large_object_space_total 0 1749190795746
nodejs_heap_shared_large_object_space_used_total 0 1749190795746
nodejs_heap_trusted_large_object_space_total 0 1749190795746
nodejs_heap_trusted_large_object_space_used_total 0 1749190795746

app_self_metrics_calc_seconds 0 1749190855746
app_self_metrics_count_total 1 1749190855746
nodejs_heap_read_only_space_total 0 1749190855746
nodejs_heap_read_only_space_used_total 0 1749190855746
nodejs_heap_new_space_total 1048576 1749190855746
nodejs_heap_new_space_used_total 814384 1749190855746
nodejs_heap_old_space_total 60825600 1749190855746
nodejs_heap_old_space_used_total 51949352 1749190855746
nodejs_heap_code_space_total 4980736 1749190855746
nodejs_heap_code_space_used_total 4271360 1749190855746
nodejs_heap_shared_space_total 0 1749190855746
nodejs_heap_shared_space_used_total 0 1749190855746
nodejs_heap_trusted_space_total 2899968 1749190855746
nodejs_heap_trusted_space_used_total 2355352 1749190855746
nodejs_heap_new_large_object_space_total 0 1749190855746
nodejs_heap_new_large_object_space_used_total 0 1749190855746
nodejs_heap_large_object_space_total 13008896 1749190855746
nodejs_heap_large_object_space_used_total 12857536 1749190855746
nodejs_heap_code_large_object_space_total 155648 1749190855746
nodejs_heap_code_large_object_space_used_total 138432 1749190855746
nodejs_heap_shared_large_object_space_total 0 1749190855746
nodejs_heap_shared_large_object_space_used_total 0 1749190855746
nodejs_heap_trusted_large_object_space_total 0 1749190855746
nodejs_heap_trusted_large_object_space_used_total 0 1749190855746

app_self_metrics_calc_seconds 0 1749190915746
app_self_metrics_count_total 1 1749190915746
nodejs_heap_read_only_space_total 0 1749190915746
nodejs_heap_read_only_space_used_total 0 1749190915746
nodejs_heap_new_space_total 1048576 1749190915746
nodejs_heap_new_space_used_total 373424 1749190915746
nodejs_heap_old_space_total 60825600 1749190915746
nodejs_heap_old_space_used_total 52563976 1749190915746
nodejs_heap_code_space_total 4980736 1749190915746
nodejs_heap_code_space_used_total 4272320 1749190915746
nodejs_heap_shared_space_total 0 1749190915746
nodejs_heap_shared_space_used_total 0 1749190915746
nodejs_heap_trusted_space_total 2899968 1749190915746
nodejs_heap_trusted_space_used_total 2356008 1749190915746
nodejs_heap_new_large_object_space_total 0 1749190915746
nodejs_heap_new_large_object_space_used_total 0 1749190915746
nodejs_heap_large_object_space_total 13008896 1749190915746
nodejs_heap_large_object_space_used_total 12857536 1749190915746
nodejs_heap_code_large_object_space_total 155648 1749190915746
nodejs_heap_code_large_object_space_used_total 138432 1749190915746
nodejs_heap_shared_large_object_space_total 0 1749190915746
nodejs_heap_shared_large_object_space_used_total 0 1749190915746
nodejs_heap_trusted_large_object_space_total 0 1749190915746
nodejs_heap_trusted_large_object_space_used_total 0 1749190915746

app_self_metrics_calc_seconds 0.006 1749191118826
app_self_metrics_count_total 1 1749191118826
nodejs_heap_read_only_space_total 0 1749191118826
nodejs_heap_read_only_space_used_total 0 1749191118826
nodejs_heap_new_space_total 16777216 1749191118826
nodejs_heap_new_space_used_total 432432 1749191118826
nodejs_heap_old_space_total 51388416 1749191118826
nodejs_heap_old_space_used_total 49463880 1749191118826
nodejs_heap_code_space_total 2359296 1749191118826
nodejs_heap_code_space_used_total 1969344 1749191118826
nodejs_heap_shared_space_total 0 1749191118826
nodejs_heap_shared_space_used_total 0 1749191118826
nodejs_heap_trusted_space_total 5259264 1749191118826
nodejs_heap_trusted_space_used_total 4696944 1749191118826
nodejs_heap_new_large_object_space_total 0 1749191118826
nodejs_heap_new_large_object_space_used_total 0 1749191118826
nodejs_heap_large_object_space_total 11386880 1749191118826
nodejs_heap_large_object_space_used_total 11257472 1749191118826
nodejs_heap_code_large_object_space_total 155648 1749191118826
nodejs_heap_code_large_object_space_used_total 138432 1749191118826
nodejs_heap_shared_large_object_space_total 0 1749191118826
nodejs_heap_shared_large_object_space_used_total 0 1749191118826
nodejs_heap_trusted_large_object_space_total 0 1749191118826
nodejs_heap_trusted_large_object_space_used_total 0 1749191118826

app_self_metrics_calc_seconds 0.681 1749191181137
app_self_metrics_count_total 1 1749191181137
nodejs_heap_read_only_space_total 0 1749191181137
nodejs_heap_read_only_space_used_total 0 1749191181137
nodejs_heap_new_space_total 2097152 1749191181137
nodejs_heap_new_space_used_total 407024 1749191181137
nodejs_heap_old_space_total 51126272 1749191181137
nodejs_heap_old_space_used_total 47928072 1749191181137
nodejs_heap_code_space_total 2621440 1749191181137
nodejs_heap_code_space_used_total 2180928 1749191181137
nodejs_heap_shared_space_total 0 1749191181137
nodejs_heap_shared_space_used_total 0 1749191181137
nodejs_heap_trusted_space_total 3162112 1749191181137
nodejs_heap_trusted_space_used_total 2220288 1749191181137
nodejs_heap_new_large_object_space_total 0 1749191181137
nodejs_heap_new_large_object_space_used_total 0 1749191181137
nodejs_heap_large_object_space_total 11386880 1749191181137
nodejs_heap_large_object_space_used_total 11257472 1749191181137
nodejs_heap_code_large_object_space_total 155648 1749191181137
nodejs_heap_code_large_object_space_used_total 138432 1749191181137
nodejs_heap_shared_large_object_space_total 0 1749191181137
nodejs_heap_shared_large_object_space_used_total 0 1749191181137
nodejs_heap_trusted_large_object_space_total 0 1749191181137
nodejs_heap_trusted_large_object_space_used_total 0 1749191181137

app_self_metrics_calc_seconds 0.002 1749191240458
app_self_metrics_count_total 1 1749191240458
nodejs_heap_read_only_space_total 0 1749191240458
nodejs_heap_read_only_space_used_total 0 1749191240458
nodejs_heap_new_space_total 16777216 1749191240458
nodejs_heap_new_space_used_total 5096808 1749191240458
nodejs_heap_old_space_total 56369152 1749191240458
nodejs_heap_old_space_used_total 49955848 1749191240458
nodejs_heap_code_space_total 4194304 1749191240458
nodejs_heap_code_space_used_total 3715456 1749191240458
nodejs_heap_shared_space_total 0 1749191240458
nodejs_heap_shared_space_used_total 0 1749191240458
nodejs_heap_trusted_space_total 3162112 1749191240458
nodejs_heap_trusted_space_used_total 2559688 1749191240458
nodejs_heap_new_large_object_space_total 0 1749191240458
nodejs_heap_new_large_object_space_used_total 0 1749191240458
nodejs_heap_large_object_space_total 13008896 1749191240458
nodejs_heap_large_object_space_used_total 12857536 1749191240458
nodejs_heap_code_large_object_space_total 155648 1749191240458
nodejs_heap_code_large_object_space_used_total 138432 1749191240458
nodejs_heap_shared_large_object_space_total 0 1749191240458
nodejs_heap_shared_large_object_space_used_total 0 1749191240458
nodejs_heap_trusted_large_object_space_total 0 1749191240458
nodejs_heap_trusted_large_object_space_used_total 0 1749191240458

app_self_metrics_calc_seconds 0.001 1749191300458
app_self_metrics_count_total 1 1749191300458
nodejs_heap_read_only_space_total 0 1749191300458
nodejs_heap_read_only_space_used_total 0 1749191300458
nodejs_heap_new_space_total 1048576 1749191300458
nodejs_heap_new_space_used_total 477888 1749191300458
nodejs_heap_old_space_total 58204160 1749191300458
nodejs_heap_old_space_used_total 54609864 1749191300458
nodejs_heap_code_space_total 4194304 1749191300458
nodejs_heap_code_space_used_total 3841280 1749191300458
nodejs_heap_shared_space_total 0 1749191300458
nodejs_heap_shared_space_used_total 0 1749191300458
nodejs_heap_trusted_space_total 3162112 1749191300458
nodejs_heap_trusted_space_used_total 2605608 1749191300458
nodejs_heap_new_large_object_space_total 0 1749191300458
nodejs_heap_new_large_object_space_used_total 0 1749191300458
nodejs_heap_large_object_space_total 13008896 1749191300458
nodejs_heap_large_object_space_used_total 12857536 1749191300458
nodejs_heap_code_large_object_space_total 155648 1749191300458
nodejs_heap_code_large_object_space_used_total 138432 1749191300458
nodejs_heap_shared_large_object_space_total 0 1749191300458
nodejs_heap_shared_large_object_space_used_total 0 1749191300458
nodejs_heap_trusted_large_object_space_total 0 1749191300458
nodejs_heap_trusted_large_object_space_used_total 0 1749191300458

app_self_metrics_calc_seconds 0.001 1749191360531
app_self_metrics_count_total 1 1749191360531
nodejs_heap_read_only_space_total 0 1749191360531
nodejs_heap_read_only_space_used_total 0 1749191360531
nodejs_heap_new_space_total 16777216 1749191360531
nodejs_heap_new_space_used_total 5100488 1749191360531
nodejs_heap_old_space_total 61349888 1749191360531
nodejs_heap_old_space_used_total 52662144 1749191360531
nodejs_heap_code_space_total 4456448 1749191360531
nodejs_heap_code_space_used_total 3974144 1749191360531
nodejs_heap_shared_space_total 0 1749191360531
nodejs_heap_shared_space_used_total 0 1749191360531
nodejs_heap_trusted_space_total 3162112 1749191360531
nodejs_heap_trusted_space_used_total 2277160 1749191360531
nodejs_heap_new_large_object_space_total 0 1749191360531
nodejs_heap_new_large_object_space_used_total 0 1749191360531
nodejs_heap_large_object_space_total 13008896 1749191360531
nodejs_heap_large_object_space_used_total 12857536 1749191360531
nodejs_heap_code_large_object_space_total 155648 1749191360531
nodejs_heap_code_large_object_space_used_total 138432 1749191360531
nodejs_heap_shared_large_object_space_total 0 1749191360531
nodejs_heap_shared_large_object_space_used_total 0 1749191360531
nodejs_heap_trusted_large_object_space_total 0 1749191360531
nodejs_heap_trusted_large_object_space_used_total 0 1749191360531

app_self_metrics_calc_seconds 0 1749191420531
app_self_metrics_count_total 1 1749191420531
nodejs_heap_read_only_space_total 0 1749191420531
nodejs_heap_read_only_space_used_total 0 1749191420531
nodejs_heap_new_space_total 1048576 1749191420531
nodejs_heap_new_space_used_total 343624 1749191420531
nodejs_heap_old_space_total 53747712 1749191420531
nodejs_heap_old_space_used_total 50810536 1749191420531
nodejs_heap_code_space_total 4456448 1749191420531
nodejs_heap_code_space_used_total 4003968 1749191420531
nodejs_heap_shared_space_total 0 1749191420531
nodejs_heap_shared_space_used_total 0 1749191420531
nodejs_heap_trusted_space_total 2375680 1749191420531
nodejs_heap_trusted_space_used_total 2279480 1749191420531
nodejs_heap_new_large_object_space_total 0 1749191420531
nodejs_heap_new_large_object_space_used_total 0 1749191420531
nodejs_heap_large_object_space_total 13008896 1749191420531
nodejs_heap_large_object_space_used_total 12857536 1749191420531
nodejs_heap_code_large_object_space_total 155648 1749191420531
nodejs_heap_code_large_object_space_used_total 138432 1749191420531
nodejs_heap_shared_large_object_space_total 0 1749191420531
nodejs_heap_shared_large_object_space_used_total 0 1749191420531
nodejs_heap_trusted_large_object_space_total 0 1749191420531
nodejs_heap_trusted_large_object_space_used_total 0 1749191420531

app_self_metrics_calc_seconds 0.004 1749210610591
app_self_metrics_count_total 1 1749210610591
nodejs_heap_read_only_space_total 0 1749210610591
nodejs_heap_read_only_space_used_total 0 1749210610591
nodejs_heap_new_space_total 16777216 1749210610591
nodejs_heap_new_space_used_total 3542176 1749210610591
nodejs_heap_old_space_total 51912704 1749210610591
nodejs_heap_old_space_used_total 48787112 1749210610591
nodejs_heap_code_space_total 2097152 1749210610591
nodejs_heap_code_space_used_total 1929792 1749210610591
nodejs_heap_shared_space_total 0 1749210610591
nodejs_heap_shared_space_used_total 0 1749210610591
nodejs_heap_trusted_space_total 4997120 1749210610591
nodejs_heap_trusted_space_used_total 4641584 1749210610591
nodejs_heap_new_large_object_space_total 0 1749210610591
nodejs_heap_new_large_object_space_used_total 0 1749210610591
nodejs_heap_large_object_space_total 11386880 1749210610591
nodejs_heap_large_object_space_used_total 11257472 1749210610591
nodejs_heap_code_large_object_space_total 155648 1749210610591
nodejs_heap_code_large_object_space_used_total 138432 1749210610591
nodejs_heap_shared_large_object_space_total 0 1749210610591
nodejs_heap_shared_large_object_space_used_total 0 1749210610591
nodejs_heap_trusted_large_object_space_total 0 1749210610591
nodejs_heap_trusted_large_object_space_used_total 0 1749210610591

app_self_metrics_calc_seconds 0.002 1749210671298
app_self_metrics_count_total 1 1749210671298
nodejs_heap_read_only_space_total 0 1749210671298
nodejs_heap_read_only_space_used_total 0 1749210671298
nodejs_heap_new_space_total 4194304 1749210671298
nodejs_heap_new_space_used_total 222272 1749210671298
nodejs_heap_old_space_total 57942016 1749210671298
nodejs_heap_old_space_used_total 56369568 1749210671298
nodejs_heap_code_space_total 3670016 1749210671298
nodejs_heap_code_space_used_total 3302848 1749210671298
nodejs_heap_shared_space_total 0 1749210671298
nodejs_heap_shared_space_used_total 0 1749210671298
nodejs_heap_trusted_space_total 5783552 1749210671298
nodejs_heap_trusted_space_used_total 5319920 1749210671298
nodejs_heap_new_large_object_space_total 0 1749210671298
nodejs_heap_new_large_object_space_used_total 0 1749210671298
nodejs_heap_large_object_space_total 13414400 1749210671298
nodejs_heap_large_object_space_used_total 13257552 1749210671298
nodejs_heap_code_large_object_space_total 155648 1749210671298
nodejs_heap_code_large_object_space_used_total 138432 1749210671298
nodejs_heap_shared_large_object_space_total 0 1749210671298
nodejs_heap_shared_large_object_space_used_total 0 1749210671298
nodejs_heap_trusted_large_object_space_total 0 1749210671298
nodejs_heap_trusted_large_object_space_used_total 0 1749210671298

app_self_metrics_calc_seconds 0.001 1749210731298
app_self_metrics_count_total 1 1749210731298
nodejs_heap_read_only_space_total 0 1749210731298
nodejs_heap_read_only_space_used_total 0 1749210731298
nodejs_heap_new_space_total 1048576 1749210731298
nodejs_heap_new_space_used_total 529656 1749210731298
nodejs_heap_old_space_total 58728448 1749210731298
nodejs_heap_old_space_used_total 56596880 1749210731298
nodejs_heap_code_space_total 3670016 1749210731298
nodejs_heap_code_space_used_total 3330432 1749210731298
nodejs_heap_shared_space_total 0 1749210731298
nodejs_heap_shared_space_used_total 0 1749210731298
nodejs_heap_trusted_space_total 5783552 1749210731298
nodejs_heap_trusted_space_used_total 5328312 1749210731298
nodejs_heap_new_large_object_space_total 0 1749210731298
nodejs_heap_new_large_object_space_used_total 0 1749210731298
nodejs_heap_large_object_space_total 13414400 1749210731298
nodejs_heap_large_object_space_used_total 13257552 1749210731298
nodejs_heap_code_large_object_space_total 155648 1749210731298
nodejs_heap_code_large_object_space_used_total 138432 1749210731298
nodejs_heap_shared_large_object_space_total 0 1749210731298
nodejs_heap_shared_large_object_space_used_total 0 1749210731298
nodejs_heap_trusted_large_object_space_total 0 1749210731298
nodejs_heap_trusted_large_object_space_used_total 0 1749210731298

app_self_metrics_calc_seconds 0.001 1749210791297
app_self_metrics_count_total 1 1749210791297
nodejs_heap_read_only_space_total 0 1749210791297
nodejs_heap_read_only_space_used_total 0 1749210791297
nodejs_heap_new_space_total 2097152 1749210791297
nodejs_heap_new_space_used_total 611024 1749210791297
nodejs_heap_old_space_total 58728448 1749210791297
nodejs_heap_old_space_used_total 57104976 1749210791297
nodejs_heap_code_space_total 3670016 1749210791297
nodejs_heap_code_space_used_total 3349248 1749210791297
nodejs_heap_shared_space_total 0 1749210791297
nodejs_heap_shared_space_used_total 0 1749210791297
nodejs_heap_trusted_space_total 5783552 1749210791297
nodejs_heap_trusted_space_used_total 5334392 1749210791297
nodejs_heap_new_large_object_space_total 0 1749210791297
nodejs_heap_new_large_object_space_used_total 0 1749210791297
nodejs_heap_large_object_space_total 13414400 1749210791297
nodejs_heap_large_object_space_used_total 13257552 1749210791297
nodejs_heap_code_large_object_space_total 155648 1749210791297
nodejs_heap_code_large_object_space_used_total 138432 1749210791297
nodejs_heap_shared_large_object_space_total 0 1749210791297
nodejs_heap_shared_large_object_space_used_total 0 1749210791297
nodejs_heap_trusted_large_object_space_total 0 1749210791297
nodejs_heap_trusted_large_object_space_used_total 0 1749210791297

app_self_metrics_calc_seconds 0.002 1749210851299
app_self_metrics_count_total 1 1749210851299
nodejs_heap_read_only_space_total 0 1749210851299
nodejs_heap_read_only_space_used_total 0 1749210851299
nodejs_heap_new_space_total 4194304 1749210851299
nodejs_heap_new_space_used_total 721720 1749210851299
nodejs_heap_old_space_total 53223424 1749210851299
nodejs_heap_old_space_used_total 49725352 1749210851299
nodejs_heap_code_space_total 4194304 1749210851299
nodejs_heap_code_space_used_total 3765760 1749210851299
nodejs_heap_shared_space_total 0 1749210851299
nodejs_heap_shared_space_used_total 0 1749210851299
nodejs_heap_trusted_space_total 3686400 1749210851299
nodejs_heap_trusted_space_used_total 2899360 1749210851299
nodejs_heap_new_large_object_space_total 0 1749210851299
nodejs_heap_new_large_object_space_used_total 0 1749210851299
nodejs_heap_large_object_space_total 13008896 1749210851299
nodejs_heap_large_object_space_used_total 12857536 1749210851299
nodejs_heap_code_large_object_space_total 155648 1749210851299
nodejs_heap_code_large_object_space_used_total 138432 1749210851299
nodejs_heap_shared_large_object_space_total 0 1749210851299
nodejs_heap_shared_large_object_space_used_total 0 1749210851299
nodejs_heap_trusted_large_object_space_total 0 1749210851299
nodejs_heap_trusted_large_object_space_used_total 0 1749210851299

app_self_metrics_calc_seconds 0.001 1749210911298
app_self_metrics_count_total 1 1749210911298
nodejs_heap_read_only_space_total 0 1749210911298
nodejs_heap_read_only_space_used_total 0 1749210911298
nodejs_heap_new_space_total 2097152 1749210911298
nodejs_heap_new_space_used_total 526080 1749210911298
nodejs_heap_old_space_total 53485568 1749210911298
nodejs_heap_old_space_used_total 50548464 1749210911298
nodejs_heap_code_space_total 4456448 1749210911298
nodejs_heap_code_space_used_total 3825792 1749210911298
nodejs_heap_shared_space_total 0 1749210911298
nodejs_heap_shared_space_used_total 0 1749210911298
nodejs_heap_trusted_space_total 3686400 1749210911298
nodejs_heap_trusted_space_used_total 2946992 1749210911298
nodejs_heap_new_large_object_space_total 0 1749210911298
nodejs_heap_new_large_object_space_used_total 0 1749210911298
nodejs_heap_large_object_space_total 13008896 1749210911298
nodejs_heap_large_object_space_used_total 12857536 1749210911298
nodejs_heap_code_large_object_space_total 155648 1749210911298
nodejs_heap_code_large_object_space_used_total 138432 1749210911298
nodejs_heap_shared_large_object_space_total 0 1749210911298
nodejs_heap_shared_large_object_space_used_total 0 1749210911298
nodejs_heap_trusted_large_object_space_total 0 1749210911298
nodejs_heap_trusted_large_object_space_used_total 0 1749210911298

app_self_metrics_calc_seconds 0 1749210971299
app_self_metrics_count_total 1 1749210971299
nodejs_heap_read_only_space_total 0 1749210971299
nodejs_heap_read_only_space_used_total 0 1749210971299
nodejs_heap_new_space_total 1048576 1749210971299
nodejs_heap_new_space_used_total 719616 1749210971299
nodejs_heap_old_space_total 54009856 1749210971299
nodejs_heap_old_space_used_total 51204520 1749210971299
nodejs_heap_code_space_total 4456448 1749210971299
nodejs_heap_code_space_used_total 3867200 1749210971299
nodejs_heap_shared_space_total 0 1749210971299
nodejs_heap_shared_space_used_total 0 1749210971299
nodejs_heap_trusted_space_total 3686400 1749210971299
nodejs_heap_trusted_space_used_total 2970544 1749210971299
nodejs_heap_new_large_object_space_total 0 1749210971299
nodejs_heap_new_large_object_space_used_total 0 1749210971299
nodejs_heap_large_object_space_total 13008896 1749210971299
nodejs_heap_large_object_space_used_total 12857536 1749210971299
nodejs_heap_code_large_object_space_total 155648 1749210971299
nodejs_heap_code_large_object_space_used_total 138432 1749210971299
nodejs_heap_shared_large_object_space_total 0 1749210971299
nodejs_heap_shared_large_object_space_used_total 0 1749210971299
nodejs_heap_trusted_large_object_space_total 0 1749210971299
nodejs_heap_trusted_large_object_space_used_total 0 1749210971299

app_self_metrics_calc_seconds 0 1749211031300
app_self_metrics_count_total 1 1749211031300
nodejs_heap_read_only_space_total 0 1749211031300
nodejs_heap_read_only_space_used_total 0 1749211031300
nodejs_heap_new_space_total 1048576 1749211031300
nodejs_heap_new_space_used_total 494200 1749211031300
nodejs_heap_old_space_total 55058432 1749211031300
nodejs_heap_old_space_used_total 52233960 1749211031300
nodejs_heap_code_space_total 4456448 1749211031300
nodejs_heap_code_space_used_total 3932544 1749211031300
nodejs_heap_shared_space_total 0 1749211031300
nodejs_heap_shared_space_used_total 0 1749211031300
nodejs_heap_trusted_space_total 3686400 1749211031300
nodejs_heap_trusted_space_used_total 2994928 1749211031300
nodejs_heap_new_large_object_space_total 0 1749211031300
nodejs_heap_new_large_object_space_used_total 0 1749211031300
nodejs_heap_large_object_space_total 13008896 1749211031300
nodejs_heap_large_object_space_used_total 12857536 1749211031300
nodejs_heap_code_large_object_space_total 155648 1749211031300
nodejs_heap_code_large_object_space_used_total 138432 1749211031300
nodejs_heap_shared_large_object_space_total 0 1749211031300
nodejs_heap_shared_large_object_space_used_total 0 1749211031300
nodejs_heap_trusted_large_object_space_total 0 1749211031300
nodejs_heap_trusted_large_object_space_used_total 0 1749211031300

app_self_metrics_calc_seconds 0.001 1749211091301
app_self_metrics_count_total 1 1749211091301
nodejs_heap_read_only_space_total 0 1749211091301
nodejs_heap_read_only_space_used_total 0 1749211091301
nodejs_heap_new_space_total 1048576 1749211091301
nodejs_heap_new_space_used_total 730192 1749211091301
nodejs_heap_old_space_total 55844864 1749211091301
nodejs_heap_old_space_used_total 52822424 1749211091301
nodejs_heap_code_space_total 4456448 1749211091301
nodejs_heap_code_space_used_total 3953024 1749211091301
nodejs_heap_shared_space_total 0 1749211091301
nodejs_heap_shared_space_used_total 0 1749211091301
nodejs_heap_trusted_space_total 3686400 1749211091301
nodejs_heap_trusted_space_used_total 3000912 1749211091301
nodejs_heap_new_large_object_space_total 0 1749211091301
nodejs_heap_new_large_object_space_used_total 0 1749211091301
nodejs_heap_large_object_space_total 13008896 1749211091301
nodejs_heap_large_object_space_used_total 12857536 1749211091301
nodejs_heap_code_large_object_space_total 155648 1749211091301
nodejs_heap_code_large_object_space_used_total 138432 1749211091301
nodejs_heap_shared_large_object_space_total 0 1749211091301
nodejs_heap_shared_large_object_space_used_total 0 1749211091301
nodejs_heap_trusted_large_object_space_total 0 1749211091301
nodejs_heap_trusted_large_object_space_used_total 0 1749211091301

app_self_metrics_calc_seconds 0 1749211151300
app_self_metrics_count_total 1 1749211151300
nodejs_heap_read_only_space_total 0 1749211151300
nodejs_heap_read_only_space_used_total 0 1749211151300
nodejs_heap_new_space_total 1048576 1749211151300
nodejs_heap_new_space_used_total 514920 1749211151300
nodejs_heap_old_space_total 56369152 1749211151300
nodejs_heap_old_space_used_total 53636264 1749211151300
nodejs_heap_code_space_total 4456448 1749211151300
nodejs_heap_code_space_used_total 3962560 1749211151300
nodejs_heap_shared_space_total 0 1749211151300
nodejs_heap_shared_space_used_total 0 1749211151300
nodejs_heap_trusted_space_total 3686400 1749211151300
nodejs_heap_trusted_space_used_total 3003848 1749211151300
nodejs_heap_new_large_object_space_total 0 1749211151300
nodejs_heap_new_large_object_space_used_total 0 1749211151300
nodejs_heap_large_object_space_total 13008896 1749211151300
nodejs_heap_large_object_space_used_total 12857536 1749211151300
nodejs_heap_code_large_object_space_total 155648 1749211151300
nodejs_heap_code_large_object_space_used_total 138432 1749211151300
nodejs_heap_shared_large_object_space_total 0 1749211151300
nodejs_heap_shared_large_object_space_used_total 0 1749211151300
nodejs_heap_trusted_large_object_space_total 0 1749211151300
nodejs_heap_trusted_large_object_space_used_total 0 1749211151300

app_self_metrics_calc_seconds 0 1749211211300
app_self_metrics_count_total 1 1749211211300
nodejs_heap_read_only_space_total 0 1749211211300
nodejs_heap_read_only_space_used_total 0 1749211211300
nodejs_heap_new_space_total 1048576 1749211211300
nodejs_heap_new_space_used_total 160248 1749211211300
nodejs_heap_old_space_total 57942016 1749211211300
nodejs_heap_old_space_used_total 55089424 1749211211300
nodejs_heap_code_space_total 4456448 1749211211300
nodejs_heap_code_space_used_total 3998784 1749211211300
nodejs_heap_shared_space_total 0 1749211211300
nodejs_heap_shared_space_used_total 0 1749211211300
nodejs_heap_trusted_space_total 3686400 1749211211300
nodejs_heap_trusted_space_used_total 3023888 1749211211300
nodejs_heap_new_large_object_space_total 0 1749211211300
nodejs_heap_new_large_object_space_used_total 0 1749211211300
nodejs_heap_large_object_space_total 13008896 1749211211300
nodejs_heap_large_object_space_used_total 12857536 1749211211300
nodejs_heap_code_large_object_space_total 155648 1749211211300
nodejs_heap_code_large_object_space_used_total 138432 1749211211300
nodejs_heap_shared_large_object_space_total 0 1749211211300
nodejs_heap_shared_large_object_space_used_total 0 1749211211300
nodejs_heap_trusted_large_object_space_total 0 1749211211300
nodejs_heap_trusted_large_object_space_used_total 0 1749211211300

app_self_metrics_calc_seconds 0.001 1749211271301
app_self_metrics_count_total 1 1749211271301
nodejs_heap_read_only_space_total 0 1749211271301
nodejs_heap_read_only_space_used_total 0 1749211271301
nodejs_heap_new_space_total 1048576 1749211271301
nodejs_heap_new_space_used_total 577120 1749211271301
nodejs_heap_old_space_total 58466304 1749211271301
nodejs_heap_old_space_used_total 55730920 1749211271301
nodejs_heap_code_space_total 4456448 1749211271301
nodejs_heap_code_space_used_total 4009344 1749211271301
nodejs_heap_shared_space_total 0 1749211271301
nodejs_heap_shared_space_used_total 0 1749211271301
nodejs_heap_trusted_space_total 3686400 1749211271301
nodejs_heap_trusted_space_used_total 3025672 1749211271301
nodejs_heap_new_large_object_space_total 0 1749211271301
nodejs_heap_new_large_object_space_used_total 0 1749211271301
nodejs_heap_large_object_space_total 13008896 1749211271301
nodejs_heap_large_object_space_used_total 12857536 1749211271301
nodejs_heap_code_large_object_space_total 155648 1749211271301
nodejs_heap_code_large_object_space_used_total 138432 1749211271301
nodejs_heap_shared_large_object_space_total 0 1749211271301
nodejs_heap_shared_large_object_space_used_total 0 1749211271301
nodejs_heap_trusted_large_object_space_total 0 1749211271301
nodejs_heap_trusted_large_object_space_used_total 0 1749211271301

app_self_metrics_calc_seconds 0.016 1749211529016
app_self_metrics_count_total 1 1749211529016
nodejs_heap_read_only_space_total 0 1749211529016
nodejs_heap_read_only_space_used_total 0 1749211529016
nodejs_heap_new_space_total 16777216 1749211529016
nodejs_heap_new_space_used_total 386760 1749211529016
nodejs_heap_old_space_total 51650560 1749211529016
nodejs_heap_old_space_used_total 49500016 1749211529016
nodejs_heap_code_space_total 2359296 1749211529016
nodejs_heap_code_space_used_total 1979200 1749211529016
nodejs_heap_shared_space_total 0 1749211529016
nodejs_heap_shared_space_used_total 0 1749211529016
nodejs_heap_trusted_space_total 5259264 1749211529016
nodejs_heap_trusted_space_used_total 4700640 1749211529016
nodejs_heap_new_large_object_space_total 0 1749211529016
nodejs_heap_new_large_object_space_used_total 0 1749211529016
nodejs_heap_large_object_space_total 11386880 1749211529016
nodejs_heap_large_object_space_used_total 11257472 1749211529016
nodejs_heap_code_large_object_space_total 155648 1749211529016
nodejs_heap_code_large_object_space_used_total 138432 1749211529016
nodejs_heap_shared_large_object_space_total 0 1749211529016
nodejs_heap_shared_large_object_space_used_total 0 1749211529016
nodejs_heap_trusted_large_object_space_total 0 1749211529016
nodejs_heap_trusted_large_object_space_used_total 0 1749211529016

app_self_metrics_calc_seconds 0.001 1749211589016
app_self_metrics_count_total 1 1749211589016
nodejs_heap_read_only_space_total 0 1749211589016
nodejs_heap_read_only_space_used_total 0 1749211589016
nodejs_heap_new_space_total 2097152 1749211589016
nodejs_heap_new_space_used_total 610160 1749211589016
nodejs_heap_old_space_total 51126272 1749211589016
nodejs_heap_old_space_used_total 47949112 1749211589016
nodejs_heap_code_space_total 2621440 1749211589016
nodejs_heap_code_space_used_total 2199424 1749211589016
nodejs_heap_shared_space_total 0 1749211589016
nodejs_heap_shared_space_used_total 0 1749211589016
nodejs_heap_trusted_space_total 3162112 1749211589016
nodejs_heap_trusted_space_used_total 2223104 1749211589016
nodejs_heap_new_large_object_space_total 0 1749211589016
nodejs_heap_new_large_object_space_used_total 0 1749211589016
nodejs_heap_large_object_space_total 11386880 1749211589016
nodejs_heap_large_object_space_used_total 11257472 1749211589016
nodejs_heap_code_large_object_space_total 155648 1749211589016
nodejs_heap_code_large_object_space_used_total 138432 1749211589016
nodejs_heap_shared_large_object_space_total 0 1749211589016
nodejs_heap_shared_large_object_space_used_total 0 1749211589016
nodejs_heap_trusted_large_object_space_total 0 1749211589016
nodejs_heap_trusted_large_object_space_used_total 0 1749211589016

app_self_metrics_calc_seconds 0 1749211649015
app_self_metrics_count_total 1 1749211649015
nodejs_heap_read_only_space_total 0 1749211649015
nodejs_heap_read_only_space_used_total 0 1749211649015
nodejs_heap_new_space_total 2097152 1749211649015
nodejs_heap_new_space_used_total 215576 1749211649015
nodejs_heap_old_space_total 51650560 1749211649015
nodejs_heap_old_space_used_total 48748536 1749211649015
nodejs_heap_code_space_total 2621440 1749211649015
nodejs_heap_code_space_used_total 2254848 1749211649015
nodejs_heap_shared_space_total 0 1749211649015
nodejs_heap_shared_space_used_total 0 1749211649015
nodejs_heap_trusted_space_total 3162112 1749211649015
nodejs_heap_trusted_space_used_total 2281712 1749211649015
nodejs_heap_new_large_object_space_total 0 1749211649015
nodejs_heap_new_large_object_space_used_total 0 1749211649015
nodejs_heap_large_object_space_total 11386880 1749211649015
nodejs_heap_large_object_space_used_total 11257472 1749211649015
nodejs_heap_code_large_object_space_total 155648 1749211649015
nodejs_heap_code_large_object_space_used_total 138432 1749211649015
nodejs_heap_shared_large_object_space_total 0 1749211649015
nodejs_heap_shared_large_object_space_used_total 0 1749211649015
nodejs_heap_trusted_large_object_space_total 0 1749211649015
nodejs_heap_trusted_large_object_space_used_total 0 1749211649015

app_self_metrics_calc_seconds 0.001 1749211709016
app_self_metrics_count_total 1 1749211709016
nodejs_heap_read_only_space_total 0 1749211709016
nodejs_heap_read_only_space_used_total 0 1749211709016
nodejs_heap_new_space_total 1048576 1749211709016
nodejs_heap_new_space_used_total 567128 1749211709016
nodejs_heap_old_space_total 58204160 1749211709016
nodejs_heap_old_space_used_total 55019968 1749211709016
nodejs_heap_code_space_total 4194304 1749211709016
nodejs_heap_code_space_used_total 3834752 1749211709016
nodejs_heap_shared_space_total 0 1749211709016
nodejs_heap_shared_space_used_total 0 1749211709016
nodejs_heap_trusted_space_total 3424256 1749211709016
nodejs_heap_trusted_space_used_total 2941416 1749211709016
nodejs_heap_new_large_object_space_total 0 1749211709016
nodejs_heap_new_large_object_space_used_total 0 1749211709016
nodejs_heap_large_object_space_total 13008896 1749211709016
nodejs_heap_large_object_space_used_total 12857536 1749211709016
nodejs_heap_code_large_object_space_total 155648 1749211709016
nodejs_heap_code_large_object_space_used_total 138432 1749211709016
nodejs_heap_shared_large_object_space_total 0 1749211709016
nodejs_heap_shared_large_object_space_used_total 0 1749211709016
nodejs_heap_trusted_large_object_space_total 0 1749211709016
nodejs_heap_trusted_large_object_space_used_total 0 1749211709016

app_self_metrics_calc_seconds 0.001 1749211769016
app_self_metrics_count_total 1 1749211769016
nodejs_heap_read_only_space_total 0 1749211769016
nodejs_heap_read_only_space_used_total 0 1749211769016
nodejs_heap_new_space_total 1048576 1749211769016
nodejs_heap_new_space_used_total 108368 1749211769016
nodejs_heap_old_space_total 59252736 1749211769016
nodejs_heap_old_space_used_total 56117528 1749211769016
nodejs_heap_code_space_total 4456448 1749211769016
nodejs_heap_code_space_used_total 3901824 1749211769016
nodejs_heap_shared_space_total 0 1749211769016
nodejs_heap_shared_space_used_total 0 1749211769016
nodejs_heap_trusted_space_total 3424256 1749211769016
nodejs_heap_trusted_space_used_total 2957904 1749211769016
nodejs_heap_new_large_object_space_total 0 1749211769016
nodejs_heap_new_large_object_space_used_total 0 1749211769016
nodejs_heap_large_object_space_total 13008896 1749211769016
nodejs_heap_large_object_space_used_total 12857536 1749211769016
nodejs_heap_code_large_object_space_total 155648 1749211769016
nodejs_heap_code_large_object_space_used_total 138432 1749211769016
nodejs_heap_shared_large_object_space_total 0 1749211769016
nodejs_heap_shared_large_object_space_used_total 0 1749211769016
nodejs_heap_trusted_large_object_space_total 0 1749211769016
nodejs_heap_trusted_large_object_space_used_total 0 1749211769016

app_self_metrics_calc_seconds 0 1749211829017
app_self_metrics_count_total 1 1749211829017
nodejs_heap_read_only_space_total 0 1749211829017
nodejs_heap_read_only_space_used_total 0 1749211829017
nodejs_heap_new_space_total 1048576 1749211829017
nodejs_heap_new_space_used_total 449512 1749211829017
nodejs_heap_old_space_total 60039168 1749211829017
nodejs_heap_old_space_used_total 56905008 1749211829017
nodejs_heap_code_space_total 4456448 1749211829017
nodejs_heap_code_space_used_total 3919744 1749211829017
nodejs_heap_shared_space_total 0 1749211829017
nodejs_heap_shared_space_used_total 0 1749211829017
nodejs_heap_trusted_space_total 3424256 1749211829017
nodejs_heap_trusted_space_used_total 2966008 1749211829017
nodejs_heap_new_large_object_space_total 0 1749211829017
nodejs_heap_new_large_object_space_used_total 0 1749211829017
nodejs_heap_large_object_space_total 13008896 1749211829017
nodejs_heap_large_object_space_used_total 12857536 1749211829017
nodejs_heap_code_large_object_space_total 155648 1749211829017
nodejs_heap_code_large_object_space_used_total 138432 1749211829017
nodejs_heap_shared_large_object_space_total 0 1749211829017
nodejs_heap_shared_large_object_space_used_total 0 1749211829017
nodejs_heap_trusted_large_object_space_total 0 1749211829017
nodejs_heap_trusted_large_object_space_used_total 0 1749211829017

app_self_metrics_calc_seconds 0 1749211889018
app_self_metrics_count_total 1 1749211889018
nodejs_heap_read_only_space_total 0 1749211889018
nodejs_heap_read_only_space_used_total 0 1749211889018
nodejs_heap_new_space_total 1048576 1749211889018
nodejs_heap_new_space_used_total 285152 1749211889018
nodejs_heap_old_space_total 52436992 1749211889018
nodejs_heap_old_space_used_total 48369568 1749211889018
nodejs_heap_code_space_total 4456448 1749211889018
nodejs_heap_code_space_used_total 3890240 1749211889018
nodejs_heap_shared_space_total 0 1749211889018
nodejs_heap_shared_space_used_total 0 1749211889018
nodejs_heap_trusted_space_total 2637824 1749211889018
nodejs_heap_trusted_space_used_total 2254760 1749211889018
nodejs_heap_new_large_object_space_total 0 1749211889018
nodejs_heap_new_large_object_space_used_total 0 1749211889018
nodejs_heap_large_object_space_total 13008896 1749211889018
nodejs_heap_large_object_space_used_total 12857536 1749211889018
nodejs_heap_code_large_object_space_total 155648 1749211889018
nodejs_heap_code_large_object_space_used_total 138432 1749211889018
nodejs_heap_shared_large_object_space_total 0 1749211889018
nodejs_heap_shared_large_object_space_used_total 0 1749211889018
nodejs_heap_trusted_large_object_space_total 0 1749211889018
nodejs_heap_trusted_large_object_space_used_total 0 1749211889018

app_self_metrics_calc_seconds 0.001 1749211949019
app_self_metrics_count_total 1 1749211949019
nodejs_heap_read_only_space_total 0 1749211949019
nodejs_heap_read_only_space_used_total 0 1749211949019
nodejs_heap_new_space_total 1048576 1749211949019
nodejs_heap_new_space_used_total 401416 1749211949019
nodejs_heap_old_space_total 52961280 1749211949019
nodejs_heap_old_space_used_total 49445912 1749211949019
nodejs_heap_code_space_total 4456448 1749211949019
nodejs_heap_code_space_used_total 3933440 1749211949019
nodejs_heap_shared_space_total 0 1749211949019
nodejs_heap_shared_space_used_total 0 1749211949019
nodejs_heap_trusted_space_total 2637824 1749211949019
nodejs_heap_trusted_space_used_total 2270240 1749211949019
nodejs_heap_new_large_object_space_total 0 1749211949019
nodejs_heap_new_large_object_space_used_total 0 1749211949019
nodejs_heap_large_object_space_total 13008896 1749211949019
nodejs_heap_large_object_space_used_total 12857536 1749211949019
nodejs_heap_code_large_object_space_total 155648 1749211949019
nodejs_heap_code_large_object_space_used_total 138432 1749211949019
nodejs_heap_shared_large_object_space_total 0 1749211949019
nodejs_heap_shared_large_object_space_used_total 0 1749211949019
nodejs_heap_trusted_large_object_space_total 0 1749211949019
nodejs_heap_trusted_large_object_space_used_total 0 1749211949019

app_self_metrics_calc_seconds 0 1749212009021
app_self_metrics_count_total 1 1749212009021
nodejs_heap_read_only_space_total 0 1749212009021
nodejs_heap_read_only_space_used_total 0 1749212009021
nodejs_heap_new_space_total 1048576 1749212009021
nodejs_heap_new_space_used_total 109736 1749212009021
nodejs_heap_old_space_total 53485568 1749212009021
nodejs_heap_old_space_used_total 50162384 1749212009021
nodejs_heap_code_space_total 4456448 1749212009021
nodejs_heap_code_space_used_total 3980864 1749212009021
nodejs_heap_shared_space_total 0 1749212009021
nodejs_heap_shared_space_used_total 0 1749212009021
nodejs_heap_trusted_space_total 2637824 1749212009021
nodejs_heap_trusted_space_used_total 2285456 1749212009021
nodejs_heap_new_large_object_space_total 0 1749212009021
nodejs_heap_new_large_object_space_used_total 0 1749212009021
nodejs_heap_large_object_space_total 13008896 1749212009021
nodejs_heap_large_object_space_used_total 12857536 1749212009021
nodejs_heap_code_large_object_space_total 155648 1749212009021
nodejs_heap_code_large_object_space_used_total 138432 1749212009021
nodejs_heap_shared_large_object_space_total 0 1749212009021
nodejs_heap_shared_large_object_space_used_total 0 1749212009021
nodejs_heap_trusted_large_object_space_total 0 1749212009021
nodejs_heap_trusted_large_object_space_used_total 0 1749212009021

app_self_metrics_calc_seconds 0 1749212069023
app_self_metrics_count_total 1 1749212069023
nodejs_heap_read_only_space_total 0 1749212069023
nodejs_heap_read_only_space_used_total 0 1749212069023
nodejs_heap_new_space_total 1048576 1749212069023
nodejs_heap_new_space_used_total 786520 1749212069023
nodejs_heap_old_space_total 54009856 1749212069023
nodejs_heap_old_space_used_total 50691408 1749212069023
nodejs_heap_code_space_total 4456448 1749212069023
nodejs_heap_code_space_used_total 4014400 1749212069023
nodejs_heap_shared_space_total 0 1749212069023
nodejs_heap_shared_space_used_total 0 1749212069023
nodejs_heap_trusted_space_total 2637824 1749212069023
nodejs_heap_trusted_space_used_total 2298056 1749212069023
nodejs_heap_new_large_object_space_total 0 1749212069023
nodejs_heap_new_large_object_space_used_total 0 1749212069023
nodejs_heap_large_object_space_total 13008896 1749212069023
nodejs_heap_large_object_space_used_total 12857536 1749212069023
nodejs_heap_code_large_object_space_total 155648 1749212069023
nodejs_heap_code_large_object_space_used_total 138432 1749212069023
nodejs_heap_shared_large_object_space_total 0 1749212069023
nodejs_heap_shared_large_object_space_used_total 0 1749212069023
nodejs_heap_trusted_large_object_space_total 0 1749212069023
nodejs_heap_trusted_large_object_space_used_total 0 1749212069023

app_self_metrics_calc_seconds 0.001 1749212129023
app_self_metrics_count_total 1 1749212129023
nodejs_heap_read_only_space_total 0 1749212129023
nodejs_heap_read_only_space_used_total 0 1749212129023
nodejs_heap_new_space_total 1048576 1749212129023
nodejs_heap_new_space_used_total 597312 1749212129023
nodejs_heap_old_space_total 54009856 1749212129023
nodejs_heap_old_space_used_total 51084256 1749212129023
nodejs_heap_code_space_total 4456448 1749212129023
nodejs_heap_code_space_used_total 4014592 1749212129023
nodejs_heap_shared_space_total 0 1749212129023
nodejs_heap_shared_space_used_total 0 1749212129023
nodejs_heap_trusted_space_total 2637824 1749212129023
nodejs_heap_trusted_space_used_total 2298304 1749212129023
nodejs_heap_new_large_object_space_total 0 1749212129023
nodejs_heap_new_large_object_space_used_total 0 1749212129023
nodejs_heap_large_object_space_total 13008896 1749212129023
nodejs_heap_large_object_space_used_total 12857536 1749212129023
nodejs_heap_code_large_object_space_total 155648 1749212129023
nodejs_heap_code_large_object_space_used_total 138432 1749212129023
nodejs_heap_shared_large_object_space_total 0 1749212129023
nodejs_heap_shared_large_object_space_used_total 0 1749212129023
nodejs_heap_trusted_large_object_space_total 0 1749212129023
nodejs_heap_trusted_large_object_space_used_total 0 1749212129023

app_self_metrics_calc_seconds 0.98 1749215253551
app_self_metrics_count_total 1 1749215253551
nodejs_heap_read_only_space_total 0 1749215253551
nodejs_heap_read_only_space_used_total 0 1749215253551
nodejs_heap_new_space_total 33554432 1749215253551
nodejs_heap_new_space_used_total 8754144 1749215253551
nodejs_heap_old_space_total 56369152 1749215253551
nodejs_heap_old_space_used_total 55021632 1749215253551
nodejs_heap_code_space_total 2359296 1749215253551
nodejs_heap_code_space_used_total 2021952 1749215253551
nodejs_heap_shared_space_total 0 1749215253551
nodejs_heap_shared_space_used_total 0 1749215253551
nodejs_heap_trusted_space_total 5259264 1749215253551
nodejs_heap_trusted_space_used_total 4870536 1749215253551
nodejs_heap_new_large_object_space_total 0 1749215253551
nodejs_heap_new_large_object_space_used_total 0 1749215253551
nodejs_heap_large_object_space_total 13836288 1749215253551
nodejs_heap_large_object_space_used_total 13678928 1749215253551
nodejs_heap_code_large_object_space_total 155648 1749215253551
nodejs_heap_code_large_object_space_used_total 138432 1749215253551
nodejs_heap_shared_large_object_space_total 0 1749215253551
nodejs_heap_shared_large_object_space_used_total 0 1749215253551
nodejs_heap_trusted_large_object_space_total 0 1749215253551
nodejs_heap_trusted_large_object_space_used_total 0 1749215253551

app_self_metrics_calc_seconds 0 1749215313305
app_self_metrics_count_total 1 1749215313305
nodejs_heap_read_only_space_total 0 1749215313305
nodejs_heap_read_only_space_used_total 0 1749215313305
nodejs_heap_new_space_total 1048576 1749215313305
nodejs_heap_new_space_used_total 497224 1749215313305
nodejs_heap_old_space_total 51650560 1749215313305
nodejs_heap_old_space_used_total 49609320 1749215313305
nodejs_heap_code_space_total 2621440 1749215313305
nodejs_heap_code_space_used_total 2237824 1749215313305
nodejs_heap_shared_space_total 0 1749215313305
nodejs_heap_shared_space_used_total 0 1749215313305
nodejs_heap_trusted_space_total 5259264 1749215313305
nodejs_heap_trusted_space_used_total 4781136 1749215313305
nodejs_heap_new_large_object_space_total 0 1749215313305
nodejs_heap_new_large_object_space_used_total 0 1749215313305
nodejs_heap_large_object_space_total 11386880 1749215313305
nodejs_heap_large_object_space_used_total 11257472 1749215313305
nodejs_heap_code_large_object_space_total 155648 1749215313305
nodejs_heap_code_large_object_space_used_total 138432 1749215313305
nodejs_heap_shared_large_object_space_total 0 1749215313305
nodejs_heap_shared_large_object_space_used_total 0 1749215313305
nodejs_heap_trusted_large_object_space_total 0 1749215313305
nodejs_heap_trusted_large_object_space_used_total 0 1749215313305

app_self_metrics_calc_seconds 0 1749215373306
app_self_metrics_count_total 1 1749215373306
nodejs_heap_read_only_space_total 0 1749215373306
nodejs_heap_read_only_space_used_total 0 1749215373306
nodejs_heap_new_space_total 1048576 1749215373306
nodejs_heap_new_space_used_total 349248 1749215373306
nodejs_heap_old_space_total 51650560 1749215373306
nodejs_heap_old_space_used_total 49990264 1749215373306
nodejs_heap_code_space_total 2621440 1749215373306
nodejs_heap_code_space_used_total 2277888 1749215373306
nodejs_heap_shared_space_total 0 1749215373306
nodejs_heap_shared_space_used_total 0 1749215373306
nodejs_heap_trusted_space_total 5259264 1749215373306
nodejs_heap_trusted_space_used_total 4791240 1749215373306
nodejs_heap_new_large_object_space_total 0 1749215373306
nodejs_heap_new_large_object_space_used_total 0 1749215373306
nodejs_heap_large_object_space_total 11386880 1749215373306
nodejs_heap_large_object_space_used_total 11257472 1749215373306
nodejs_heap_code_large_object_space_total 155648 1749215373306
nodejs_heap_code_large_object_space_used_total 138432 1749215373306
nodejs_heap_shared_large_object_space_total 0 1749215373306
nodejs_heap_shared_large_object_space_used_total 0 1749215373306
nodejs_heap_trusted_large_object_space_total 0 1749215373306
nodejs_heap_trusted_large_object_space_used_total 0 1749215373306

app_self_metrics_calc_seconds 0 1749215433307
app_self_metrics_count_total 1 1749215433307
nodejs_heap_read_only_space_total 0 1749215433307
nodejs_heap_read_only_space_used_total 0 1749215433307
nodejs_heap_new_space_total 2097152 1749215433307
nodejs_heap_new_space_used_total 608120 1749215433307
nodejs_heap_old_space_total 51650560 1749215433307
nodejs_heap_old_space_used_total 50323504 1749215433307
nodejs_heap_code_space_total 2621440 1749215433307
nodejs_heap_code_space_used_total 2288832 1749215433307
nodejs_heap_shared_space_total 0 1749215433307
nodejs_heap_shared_space_used_total 0 1749215433307
nodejs_heap_trusted_space_total 5259264 1749215433307
nodejs_heap_trusted_space_used_total 4793976 1749215433307
nodejs_heap_new_large_object_space_total 0 1749215433307
nodejs_heap_new_large_object_space_used_total 0 1749215433307
nodejs_heap_large_object_space_total 11386880 1749215433307
nodejs_heap_large_object_space_used_total 11257472 1749215433307
nodejs_heap_code_large_object_space_total 155648 1749215433307
nodejs_heap_code_large_object_space_used_total 138432 1749215433307
nodejs_heap_shared_large_object_space_total 0 1749215433307
nodejs_heap_shared_large_object_space_used_total 0 1749215433307
nodejs_heap_trusted_large_object_space_total 0 1749215433307
nodejs_heap_trusted_large_object_space_used_total 0 1749215433307

app_self_metrics_calc_seconds 0 1749215493309
app_self_metrics_count_total 1 1749215493309
nodejs_heap_read_only_space_total 0 1749215493309
nodejs_heap_read_only_space_used_total 0 1749215493309
nodejs_heap_new_space_total 8388608 1749215493309
nodejs_heap_new_space_used_total 670344 1749215493309
nodejs_heap_old_space_total 56893440 1749215493309
nodejs_heap_old_space_used_total 54029904 1749215493309
nodejs_heap_code_space_total 3670016 1749215493309
nodejs_heap_code_space_used_total 3306624 1749215493309
nodejs_heap_shared_space_total 0 1749215493309
nodejs_heap_shared_space_used_total 0 1749215493309
nodejs_heap_trusted_space_total 5783552 1749215493309
nodejs_heap_trusted_space_used_total 5293696 1749215493309
nodejs_heap_new_large_object_space_total 0 1749215493309
nodejs_heap_new_large_object_space_used_total 0 1749215493309
nodejs_heap_large_object_space_total 13008896 1749215493309
nodejs_heap_large_object_space_used_total 12857536 1749215493309
nodejs_heap_code_large_object_space_total 155648 1749215493309
nodejs_heap_code_large_object_space_used_total 138432 1749215493309
nodejs_heap_shared_large_object_space_total 0 1749215493309
nodejs_heap_shared_large_object_space_used_total 0 1749215493309
nodejs_heap_trusted_large_object_space_total 0 1749215493309
nodejs_heap_trusted_large_object_space_used_total 0 1749215493309

app_self_metrics_calc_seconds 0.001 1749215553311
app_self_metrics_count_total 1 1749215553311
nodejs_heap_read_only_space_total 0 1749215553311
nodejs_heap_read_only_space_used_total 0 1749215553311
nodejs_heap_new_space_total 1048576 1749215553311
nodejs_heap_new_space_used_total 405448 1749215553311
nodejs_heap_old_space_total 60563456 1749215553311
nodejs_heap_old_space_used_total 58734600 1749215553311
nodejs_heap_code_space_total 4456448 1749215553311
nodejs_heap_code_space_used_total 4005888 1749215553311
nodejs_heap_shared_space_total 0 1749215553311
nodejs_heap_shared_space_used_total 0 1749215553311
nodejs_heap_trusted_space_total 6045696 1749215553311
nodejs_heap_trusted_space_used_total 5521432 1749215553311
nodejs_heap_new_large_object_space_total 0 1749215553311
nodejs_heap_new_large_object_space_used_total 0 1749215553311
nodejs_heap_large_object_space_total 13008896 1749215553311
nodejs_heap_large_object_space_used_total 12857536 1749215553311
nodejs_heap_code_large_object_space_total 155648 1749215553311
nodejs_heap_code_large_object_space_used_total 138432 1749215553311
nodejs_heap_shared_large_object_space_total 0 1749215553311
nodejs_heap_shared_large_object_space_used_total 0 1749215553311
nodejs_heap_trusted_large_object_space_total 0 1749215553311
nodejs_heap_trusted_large_object_space_used_total 0 1749215553311

app_self_metrics_calc_seconds 0 1749215613311
app_self_metrics_count_total 1 1749215613311
nodejs_heap_read_only_space_total 0 1749215613311
nodejs_heap_read_only_space_used_total 0 1749215613311
nodejs_heap_new_space_total 1048576 1749215613311
nodejs_heap_new_space_used_total 446064 1749215613311
nodejs_heap_old_space_total 61087744 1749215613311
nodejs_heap_old_space_used_total 59562552 1749215613311
nodejs_heap_code_space_total 4456448 1749215613311
nodejs_heap_code_space_used_total 4010304 1749215613311
nodejs_heap_shared_space_total 0 1749215613311
nodejs_heap_shared_space_used_total 0 1749215613311
nodejs_heap_trusted_space_total 6045696 1749215613311
nodejs_heap_trusted_space_used_total 5556688 1749215613311
nodejs_heap_new_large_object_space_total 0 1749215613311
nodejs_heap_new_large_object_space_used_total 0 1749215613311
nodejs_heap_large_object_space_total 13008896 1749215613311
nodejs_heap_large_object_space_used_total 12857536 1749215613311
nodejs_heap_code_large_object_space_total 155648 1749215613311
nodejs_heap_code_large_object_space_used_total 138432 1749215613311
nodejs_heap_shared_large_object_space_total 0 1749215613311
nodejs_heap_shared_large_object_space_used_total 0 1749215613311
nodejs_heap_trusted_large_object_space_total 0 1749215613311
nodejs_heap_trusted_large_object_space_used_total 0 1749215613311

app_self_metrics_calc_seconds 0 1749215673313
app_self_metrics_count_total 1 1749215673313
nodejs_heap_read_only_space_total 0 1749215673313
nodejs_heap_read_only_space_used_total 0 1749215673313
nodejs_heap_new_space_total 1048576 1749215673313
nodejs_heap_new_space_used_total 203096 1749215673313
nodejs_heap_old_space_total 62136320 1749215673313
nodejs_heap_old_space_used_total 60275424 1749215673313
nodejs_heap_code_space_total 4456448 1749215673313
nodejs_heap_code_space_used_total 4025088 1749215673313
nodejs_heap_shared_space_total 0 1749215673313
nodejs_heap_shared_space_used_total 0 1749215673313
nodejs_heap_trusted_space_total 6045696 1749215673313
nodejs_heap_trusted_space_used_total 5562600 1749215673313
nodejs_heap_new_large_object_space_total 0 1749215673313
nodejs_heap_new_large_object_space_used_total 0 1749215673313
nodejs_heap_large_object_space_total 13008896 1749215673313
nodejs_heap_large_object_space_used_total 12857536 1749215673313
nodejs_heap_code_large_object_space_total 155648 1749215673313
nodejs_heap_code_large_object_space_used_total 138432 1749215673313
nodejs_heap_shared_large_object_space_total 0 1749215673313
nodejs_heap_shared_large_object_space_used_total 0 1749215673313
nodejs_heap_trusted_large_object_space_total 0 1749215673313
nodejs_heap_trusted_large_object_space_used_total 0 1749215673313

