jfcfg_runtime_heap_freememory_bytes 25430944 1749188940811
jfcfg_runtime_heap_maxmemory_bytes 1518338048 1749188940811
jfcfg_runtime_heap_processors_bytes 8 1749188940811
jfcfg_runtime_heap_totalmemory_bytes 106954752 1749188940811
jfcfg_data_migration_status_status_total{migration_status="NOT_STARTED"} 0 1749188940811

jfcfg_connected_observers_count_total{tenant_id="single_tenant"} 10 1749189001051
jfcfg_db_connections_active_connection_total 0 1749189001051
jfcfg_db_connections_awaiting_connections_total 0 1749189001051
jfcfg_db_connections_idle_connection_total 3 1749189001051
jfcfg_db_connections_total_connection_total 3 1749189001051
jfcfg_runtime_heap_freememory_bytes 26162664 1749189001051
jfcfg_runtime_heap_maxmemory_bytes 1518338048 1749189001051
jfcfg_runtime_heap_processors_bytes 8 1749189001051
jfcfg_runtime_heap_totalmemory_bytes 128974848 1749189001051
jfcfg_data_migration_status_status_total{migration_status="NOT_STARTED"} 0 1749189001051

jfcfg_connected_observers_count_total{tenant_id="single_tenant"} 12 1749189062833
jfcfg_db_connections_active_connection_total 0 1749189062833
jfcfg_db_connections_awaiting_connections_total 0 1749189062833
jfcfg_db_connections_idle_connection_total 3 1749189062833
jfcfg_db_connections_total_connection_total 3 1749189062833
jfcfg_runtime_heap_freememory_bytes 25156784 1749189062833
jfcfg_runtime_heap_maxmemory_bytes 1518338048 1749189062833
jfcfg_runtime_heap_processors_bytes 8 1749189062833
jfcfg_runtime_heap_totalmemory_bytes 128974848 1749189062833
jfcfg_data_migration_status_status_total{migration_status="NOT_STARTED"} 0 1749189062833

jfcfg_connected_observers_count_total{tenant_id="single_tenant"} 12 1749189123590
jfcfg_db_connections_active_connection_total 0 1749189123590
jfcfg_db_connections_awaiting_connections_total 0 1749189123590
jfcfg_db_connections_idle_connection_total 3 1749189123590
jfcfg_db_connections_total_connection_total 3 1749189123590
jfcfg_runtime_heap_freememory_bytes 56302336 1749189123590
jfcfg_runtime_heap_maxmemory_bytes 1518338048 1749189123590
jfcfg_runtime_heap_processors_bytes 8 1749189123590
jfcfg_runtime_heap_totalmemory_bytes 128974848 1749189123590
jfcfg_data_migration_status_status_total{migration_status="NOT_STARTED"} 0 1749189123590

jfcfg_connected_observers_count_total{tenant_id="single_tenant"} 12 1749189183592
jfcfg_db_connections_active_connection_total 0 1749189183592
jfcfg_db_connections_awaiting_connections_total 0 1749189183592
jfcfg_db_connections_idle_connection_total 3 1749189183592
jfcfg_db_connections_total_connection_total 3 1749189183592
jfcfg_runtime_heap_freememory_bytes 54565832 1749189183592
jfcfg_runtime_heap_maxmemory_bytes 1518338048 1749189183592
jfcfg_runtime_heap_processors_bytes 8 1749189183592
jfcfg_runtime_heap_totalmemory_bytes 128974848 1749189183592
jfcfg_data_migration_status_status_total{migration_status="NOT_STARTED"} 0 1749189183592

jfcfg_connected_observers_count_total{tenant_id="single_tenant"} 12 1749189244271
jfcfg_db_connections_active_connection_total 0 1749189244271
jfcfg_db_connections_awaiting_connections_total 0 1749189244271
jfcfg_db_connections_idle_connection_total 3 1749189244271
jfcfg_db_connections_total_connection_total 3 1749189244271
jfcfg_runtime_heap_freememory_bytes 52896560 1749189244271
jfcfg_runtime_heap_maxmemory_bytes 1518338048 1749189244271
jfcfg_runtime_heap_processors_bytes 8 1749189244271
jfcfg_runtime_heap_totalmemory_bytes 128974848 1749189244271
jfcfg_data_migration_status_status_total{migration_status="NOT_STARTED"} 0 1749189244271

jfcfg_connected_observers_count_total{tenant_id="single_tenant"} 12 1749189305821
jfcfg_db_connections_active_connection_total 0 1749189305821
jfcfg_db_connections_awaiting_connections_total 0 1749189305821
jfcfg_db_connections_idle_connection_total 2 1749189305821
jfcfg_db_connections_total_connection_total 2 1749189305821
jfcfg_runtime_heap_freememory_bytes 54261536 1749189305821
jfcfg_runtime_heap_maxmemory_bytes 1518338048 1749189305821
jfcfg_runtime_heap_processors_bytes 8 1749189305821
jfcfg_runtime_heap_totalmemory_bytes 128974848 1749189305821
jfcfg_data_migration_status_status_total{migration_status="NOT_STARTED"} 0 1749189305821

jfcfg_connected_observers_count_total{tenant_id="single_tenant"} 12 1749189366002
jfcfg_db_connections_active_connection_total 0 1749189366002
jfcfg_db_connections_awaiting_connections_total 0 1749189366002
jfcfg_db_connections_idle_connection_total 2 1749189366002
jfcfg_db_connections_total_connection_total 2 1749189366002
jfcfg_runtime_heap_freememory_bytes 53147152 1749189366002
jfcfg_runtime_heap_maxmemory_bytes 1518338048 1749189366002
jfcfg_runtime_heap_processors_bytes 8 1749189366002
jfcfg_runtime_heap_totalmemory_bytes 128974848 1749189366002
jfcfg_data_migration_status_status_total{migration_status="NOT_STARTED"} 0 1749189366002

jfcfg_connected_observers_count_total{tenant_id="single_tenant"} 12 1749189426263
jfcfg_db_connections_active_connection_total 0 1749189426263
jfcfg_db_connections_awaiting_connections_total 0 1749189426263
jfcfg_db_connections_idle_connection_total 2 1749189426263
jfcfg_db_connections_total_connection_total 2 1749189426263
jfcfg_runtime_heap_freememory_bytes 52026072 1749189426263
jfcfg_runtime_heap_maxmemory_bytes 1518338048 1749189426263
jfcfg_runtime_heap_processors_bytes 8 1749189426263
jfcfg_runtime_heap_totalmemory_bytes 128974848 1749189426263
jfcfg_data_migration_status_status_total{migration_status="NOT_STARTED"} 0 1749189426263

jfcfg_connected_observers_count_total{tenant_id="single_tenant"} 12 1749189486269
jfcfg_db_connections_active_connection_total 0 1749189486269
jfcfg_db_connections_awaiting_connections_total 0 1749189486269
jfcfg_db_connections_idle_connection_total 1 1749189486269
jfcfg_db_connections_total_connection_total 1 1749189486269
jfcfg_runtime_heap_freememory_bytes 56013328 1749189486269
jfcfg_runtime_heap_maxmemory_bytes 1518338048 1749189486269
jfcfg_runtime_heap_processors_bytes 8 1749189486269
jfcfg_runtime_heap_totalmemory_bytes 128974848 1749189486269
jfcfg_data_migration_status_status_total{migration_status="NOT_STARTED"} 0 1749189486269

jfcfg_connected_observers_count_total{tenant_id="single_tenant"} 12 1749189546274
jfcfg_db_connections_active_connection_total 0 1749189546274
jfcfg_db_connections_awaiting_connections_total 0 1749189546274
jfcfg_db_connections_idle_connection_total 1 1749189546274
jfcfg_db_connections_total_connection_total 1 1749189546274
jfcfg_runtime_heap_freememory_bytes 54875048 1749189546274
jfcfg_runtime_heap_maxmemory_bytes 1518338048 1749189546274
jfcfg_runtime_heap_processors_bytes 8 1749189546274
jfcfg_runtime_heap_totalmemory_bytes 128974848 1749189546274
jfcfg_data_migration_status_status_total{migration_status="NOT_STARTED"} 0 1749189546274

jfcfg_connected_observers_count_total{tenant_id="single_tenant"} 12 1749189606280
jfcfg_db_connections_active_connection_total 0 1749189606280
jfcfg_db_connections_awaiting_connections_total 0 1749189606280
jfcfg_db_connections_idle_connection_total 1 1749189606280
jfcfg_db_connections_total_connection_total 1 1749189606280
jfcfg_runtime_heap_freememory_bytes 52531216 1749189606280
jfcfg_runtime_heap_maxmemory_bytes 1518338048 1749189606280
jfcfg_runtime_heap_processors_bytes 8 1749189606280
jfcfg_runtime_heap_totalmemory_bytes 128974848 1749189606280
jfcfg_data_migration_status_status_total{migration_status="NOT_STARTED"} 0 1749189606280

jfcfg_connected_observers_count_total{tenant_id="single_tenant"} 12 1749189666291
jfcfg_db_connections_active_connection_total 0 1749189666291
jfcfg_db_connections_awaiting_connections_total 0 1749189666291
jfcfg_db_connections_idle_connection_total 1 1749189666291
jfcfg_db_connections_total_connection_total 1 1749189666291
jfcfg_runtime_heap_freememory_bytes 60549624 1749189666291
jfcfg_runtime_heap_maxmemory_bytes 1518338048 1749189666291
jfcfg_runtime_heap_processors_bytes 8 1749189666291
jfcfg_runtime_heap_totalmemory_bytes 128974848 1749189666291
jfcfg_data_migration_status_status_total{migration_status="NOT_STARTED"} 0 1749189666291

jfcfg_connected_observers_count_total{tenant_id="single_tenant"} 12 1749189726315
jfcfg_db_connections_active_connection_total 0 1749189726315
jfcfg_db_connections_awaiting_connections_total 0 1749189726315
jfcfg_db_connections_idle_connection_total 1 1749189726315
jfcfg_db_connections_total_connection_total 1 1749189726315
jfcfg_runtime_heap_freememory_bytes 59307808 1749189726315
jfcfg_runtime_heap_maxmemory_bytes 1518338048 1749189726315
jfcfg_runtime_heap_processors_bytes 8 1749189726315
jfcfg_runtime_heap_totalmemory_bytes 128974848 1749189726315
jfcfg_data_migration_status_status_total{migration_status="NOT_STARTED"} 0 1749189726315

jfcfg_connected_observers_count_total{tenant_id="single_tenant"} 12 1749189786415
jfcfg_db_connections_active_connection_total 0 1749189786415
jfcfg_db_connections_awaiting_connections_total 0 1749189786415
jfcfg_db_connections_idle_connection_total 1 1749189786415
jfcfg_db_connections_total_connection_total 1 1749189786415
jfcfg_runtime_heap_freememory_bytes 56640768 1749189786415
jfcfg_runtime_heap_maxmemory_bytes 1518338048 1749189786415
jfcfg_runtime_heap_processors_bytes 8 1749189786415
jfcfg_runtime_heap_totalmemory_bytes 128974848 1749189786415
jfcfg_data_migration_status_status_total{migration_status="NOT_STARTED"} 0 1749189786415

jfcfg_connected_observers_count_total{tenant_id="single_tenant"} 12 1749189847093
jfcfg_db_connections_active_connection_total 0 1749189847093
jfcfg_db_connections_awaiting_connections_total 0 1749189847093
jfcfg_db_connections_idle_connection_total 1 1749189847093
jfcfg_db_connections_total_connection_total 1 1749189847093
jfcfg_runtime_heap_freememory_bytes 64636808 1749189847093
jfcfg_runtime_heap_maxmemory_bytes 1518338048 1749189847093
jfcfg_runtime_heap_processors_bytes 8 1749189847093
jfcfg_runtime_heap_totalmemory_bytes 128974848 1749189847093
jfcfg_data_migration_status_status_total{migration_status="NOT_STARTED"} 0 1749189847093

jfcfg_connected_observers_count_total{tenant_id="single_tenant"} 12 1749189907543
jfcfg_db_connections_active_connection_total 0 1749189907543
jfcfg_db_connections_awaiting_connections_total 0 1749189907543
jfcfg_db_connections_idle_connection_total 1 1749189907543
jfcfg_db_connections_total_connection_total 1 1749189907543
jfcfg_runtime_heap_freememory_bytes 63497096 1749189907543
jfcfg_runtime_heap_maxmemory_bytes 1518338048 1749189907543
jfcfg_runtime_heap_processors_bytes 8 1749189907543
jfcfg_runtime_heap_totalmemory_bytes 128974848 1749189907543
jfcfg_data_migration_status_status_total{migration_status="NOT_STARTED"} 0 1749189907543

jfcfg_connected_observers_count_total{tenant_id="single_tenant"} 12 1749189967545
jfcfg_db_connections_active_connection_total 0 1749189967545
jfcfg_db_connections_awaiting_connections_total 0 1749189967545
jfcfg_db_connections_idle_connection_total 1 1749189967545
jfcfg_db_connections_total_connection_total 1 1749189967545
jfcfg_runtime_heap_freememory_bytes 61260512 1749189967545
jfcfg_runtime_heap_maxmemory_bytes 1518338048 1749189967545
jfcfg_runtime_heap_processors_bytes 8 1749189967545
jfcfg_runtime_heap_totalmemory_bytes 128974848 1749189967545
jfcfg_data_migration_status_status_total{migration_status="NOT_STARTED"} 0 1749189967545

jfcfg_connected_observers_count_total{tenant_id="single_tenant"} 12 1749190027552
jfcfg_db_connections_active_connection_total 0 1749190027552
jfcfg_db_connections_awaiting_connections_total 0 1749190027552
jfcfg_db_connections_idle_connection_total 1 1749190027552
jfcfg_db_connections_total_connection_total 1 1749190027552
jfcfg_runtime_heap_freememory_bytes 68755592 1749190027552
jfcfg_runtime_heap_maxmemory_bytes 1518338048 1749190027552
jfcfg_runtime_heap_processors_bytes 8 1749190027552
jfcfg_runtime_heap_totalmemory_bytes 128974848 1749190027552
jfcfg_data_migration_status_status_total{migration_status="NOT_STARTED"} 0 1749190027552

jfcfg_connected_observers_count_total{tenant_id="single_tenant"} 12 1749190087560
jfcfg_db_connections_active_connection_total 0 1749190087560
jfcfg_db_connections_awaiting_connections_total 0 1749190087560
jfcfg_db_connections_idle_connection_total 1 1749190087560
jfcfg_db_connections_total_connection_total 1 1749190087560
jfcfg_runtime_heap_freememory_bytes 66492568 1749190087560
jfcfg_runtime_heap_maxmemory_bytes 1518338048 1749190087560
jfcfg_runtime_heap_processors_bytes 8 1749190087560
jfcfg_runtime_heap_totalmemory_bytes 128974848 1749190087560
jfcfg_data_migration_status_status_total{migration_status="NOT_STARTED"} 0 1749190087560

jfcfg_connected_observers_count_total{tenant_id="single_tenant"} 12 1749190147573
jfcfg_db_connections_active_connection_total 0 1749190147573
jfcfg_db_connections_awaiting_connections_total 0 1749190147573
jfcfg_db_connections_idle_connection_total 1 1749190147573
jfcfg_db_connections_total_connection_total 1 1749190147573
jfcfg_runtime_heap_freememory_bytes 65273376 1749190147573
jfcfg_runtime_heap_maxmemory_bytes 1518338048 1749190147573
jfcfg_runtime_heap_processors_bytes 8 1749190147573
jfcfg_runtime_heap_totalmemory_bytes 128974848 1749190147573
jfcfg_data_migration_status_status_total{migration_status="NOT_STARTED"} 0 1749190147573

jfcfg_connected_observers_count_total{tenant_id="single_tenant"} 12 1749190207581
jfcfg_db_connections_active_connection_total 0 1749190207581
jfcfg_db_connections_awaiting_connections_total 0 1749190207581
jfcfg_db_connections_idle_connection_total 1 1749190207581
jfcfg_db_connections_total_connection_total 1 1749190207581
jfcfg_runtime_heap_freememory_bytes 64224536 1749190207581
jfcfg_runtime_heap_maxmemory_bytes 1518338048 1749190207581
jfcfg_runtime_heap_processors_bytes 8 1749190207581
jfcfg_runtime_heap_totalmemory_bytes 128974848 1749190207581
jfcfg_data_migration_status_status_total{migration_status="NOT_STARTED"} 0 1749190207581

jfcfg_connected_observers_count_total{tenant_id="single_tenant"} 12 1749190268359
jfcfg_db_connections_active_connection_total 0 1749190268359
jfcfg_db_connections_awaiting_connections_total 0 1749190268359
jfcfg_db_connections_idle_connection_total 1 1749190268359
jfcfg_db_connections_total_connection_total 1 1749190268359
jfcfg_runtime_heap_freememory_bytes 71636640 1749190268359
jfcfg_runtime_heap_maxmemory_bytes 1518338048 1749190268359
jfcfg_runtime_heap_processors_bytes 8 1749190268359
jfcfg_runtime_heap_totalmemory_bytes 128974848 1749190268359
jfcfg_data_migration_status_status_total{migration_status="NOT_STARTED"} 0 1749190268359

jfcfg_connected_observers_count_total{tenant_id="single_tenant"} 12 1749190328363
jfcfg_db_connections_active_connection_total 0 1749190328363
jfcfg_db_connections_awaiting_connections_total 0 1749190328363
jfcfg_db_connections_idle_connection_total 1 1749190328363
jfcfg_db_connections_total_connection_total 1 1749190328363
jfcfg_runtime_heap_freememory_bytes 70311896 1749190328363
jfcfg_runtime_heap_maxmemory_bytes 1518338048 1749190328363
jfcfg_runtime_heap_processors_bytes 8 1749190328363
jfcfg_runtime_heap_totalmemory_bytes 128974848 1749190328363
jfcfg_data_migration_status_status_total{migration_status="NOT_STARTED"} 0 1749190328363

jfcfg_connected_observers_count_total{tenant_id="single_tenant"} 12 1749190388369
jfcfg_db_connections_active_connection_total 0 1749190388369
jfcfg_db_connections_awaiting_connections_total 0 1749190388369
jfcfg_db_connections_idle_connection_total 1 1749190388369
jfcfg_db_connections_total_connection_total 1 1749190388369
jfcfg_runtime_heap_freememory_bytes 69202904 1749190388369
jfcfg_runtime_heap_maxmemory_bytes 1518338048 1749190388369
jfcfg_runtime_heap_processors_bytes 8 1749190388369
jfcfg_runtime_heap_totalmemory_bytes 128974848 1749190388369
jfcfg_data_migration_status_status_total{migration_status="NOT_STARTED"} 0 1749190388369

jfcfg_connected_observers_count_total{tenant_id="single_tenant"} 12 1749190448391
jfcfg_db_connections_active_connection_total 0 1749190448391
jfcfg_db_connections_awaiting_connections_total 0 1749190448391
jfcfg_db_connections_idle_connection_total 1 1749190448391
jfcfg_db_connections_total_connection_total 1 1749190448391
jfcfg_runtime_heap_freememory_bytes 68072760 1749190448391
jfcfg_runtime_heap_maxmemory_bytes 1518338048 1749190448391
jfcfg_runtime_heap_processors_bytes 8 1749190448391
jfcfg_runtime_heap_totalmemory_bytes 128974848 1749190448391
jfcfg_data_migration_status_status_total{migration_status="NOT_STARTED"} 0 1749190448391

jfcfg_connected_observers_count_total{tenant_id="single_tenant"} 12 1749190508395
jfcfg_db_connections_active_connection_total 0 1749190508395
jfcfg_db_connections_awaiting_connections_total 0 1749190508395
jfcfg_db_connections_idle_connection_total 1 1749190508395
jfcfg_db_connections_total_connection_total 1 1749190508395
jfcfg_runtime_heap_freememory_bytes 75341312 1749190508395
jfcfg_runtime_heap_maxmemory_bytes 1518338048 1749190508395
jfcfg_runtime_heap_processors_bytes 8 1749190508395
jfcfg_runtime_heap_totalmemory_bytes 128974848 1749190508395
jfcfg_data_migration_status_status_total{migration_status="NOT_STARTED"} 0 1749190508395

jfcfg_connected_observers_count_total{tenant_id="single_tenant"} 12 1749190568400
jfcfg_db_connections_active_connection_total 0 1749190568400
jfcfg_db_connections_awaiting_connections_total 0 1749190568400
jfcfg_db_connections_idle_connection_total 1 1749190568400
jfcfg_db_connections_total_connection_total 1 1749190568400
jfcfg_runtime_heap_freememory_bytes 73775096 1749190568400
jfcfg_runtime_heap_maxmemory_bytes 1518338048 1749190568400
jfcfg_runtime_heap_processors_bytes 8 1749190568400
jfcfg_runtime_heap_totalmemory_bytes 128974848 1749190568400
jfcfg_data_migration_status_status_total{migration_status="NOT_STARTED"} 0 1749190568400

jfcfg_connected_observers_count_total{tenant_id="single_tenant"} 12 1749190628409
jfcfg_db_connections_active_connection_total 0 1749190628409
jfcfg_db_connections_awaiting_connections_total 0 1749190628409
jfcfg_db_connections_idle_connection_total 1 1749190628409
jfcfg_db_connections_total_connection_total 1 1749190628409
jfcfg_runtime_heap_freememory_bytes 72425792 1749190628409
jfcfg_runtime_heap_maxmemory_bytes 1518338048 1749190628409
jfcfg_runtime_heap_processors_bytes 8 1749190628409
jfcfg_runtime_heap_totalmemory_bytes 128974848 1749190628409
jfcfg_data_migration_status_status_total{migration_status="NOT_STARTED"} 0 1749190628409

jfcfg_connected_observers_count_total{tenant_id="single_tenant"} 12 1749190688414
jfcfg_db_connections_active_connection_total 0 1749190688414
jfcfg_db_connections_awaiting_connections_total 0 1749190688414
jfcfg_db_connections_idle_connection_total 1 1749190688414
jfcfg_db_connections_total_connection_total 1 1749190688414
jfcfg_runtime_heap_freememory_bytes 71269440 1749190688414
jfcfg_runtime_heap_maxmemory_bytes 1518338048 1749190688414
jfcfg_runtime_heap_processors_bytes 8 1749190688414
jfcfg_runtime_heap_totalmemory_bytes 128974848 1749190688414
jfcfg_data_migration_status_status_total{migration_status="NOT_STARTED"} 0 1749190688414

jfcfg_connected_observers_count_total{tenant_id="single_tenant"} 12 1749190748417
jfcfg_db_connections_active_connection_total 0 1749190748417
jfcfg_db_connections_awaiting_connections_total 0 1749190748417
jfcfg_db_connections_idle_connection_total 1 1749190748417
jfcfg_db_connections_total_connection_total 1 1749190748417
jfcfg_runtime_heap_freememory_bytes 77551688 1749190748417
jfcfg_runtime_heap_maxmemory_bytes 1518338048 1749190748417
jfcfg_runtime_heap_processors_bytes 8 1749190748417
jfcfg_runtime_heap_totalmemory_bytes 128974848 1749190748417
jfcfg_data_migration_status_status_total{migration_status="NOT_STARTED"} 0 1749190748417

jfcfg_connected_observers_count_total{tenant_id="single_tenant"} 12 1749190808423
jfcfg_db_connections_active_connection_total 0 1749190808423
jfcfg_db_connections_awaiting_connections_total 0 1749190808423
jfcfg_db_connections_idle_connection_total 1 1749190808423
jfcfg_db_connections_total_connection_total 1 1749190808423
jfcfg_runtime_heap_freememory_bytes 76418696 1749190808423
jfcfg_runtime_heap_maxmemory_bytes 1518338048 1749190808423
jfcfg_runtime_heap_processors_bytes 8 1749190808423
jfcfg_runtime_heap_totalmemory_bytes 128974848 1749190808423
jfcfg_data_migration_status_status_total{migration_status="NOT_STARTED"} 0 1749190808423

jfcfg_connected_observers_count_total{tenant_id="single_tenant"} 12 1749190868428
jfcfg_db_connections_active_connection_total 0 1749190868428
jfcfg_db_connections_awaiting_connections_total 0 1749190868428
jfcfg_db_connections_idle_connection_total 1 1749190868428
jfcfg_db_connections_total_connection_total 1 1749190868428
jfcfg_runtime_heap_freememory_bytes 75044296 1749190868428
jfcfg_runtime_heap_maxmemory_bytes 1518338048 1749190868428
jfcfg_runtime_heap_processors_bytes 8 1749190868428
jfcfg_runtime_heap_totalmemory_bytes 128974848 1749190868428
jfcfg_data_migration_status_status_total{migration_status="NOT_STARTED"} 0 1749190868428

jfcfg_runtime_heap_freememory_bytes 31559464 1749191071670
jfcfg_runtime_heap_maxmemory_bytes 1518338048 1749191071670
jfcfg_runtime_heap_processors_bytes 8 1749191071670
jfcfg_runtime_heap_totalmemory_bytes 98566144 1749191071670
jfcfg_data_migration_status_status_total{migration_status="NOT_STARTED"} 0 1749191071670

jfcfg_connected_observers_count_total{tenant_id="single_tenant"} 7 1749191132119
jfcfg_db_connections_active_connection_total 0 1749191132119
jfcfg_db_connections_awaiting_connections_total 0 1749191132119
jfcfg_db_connections_idle_connection_total 3 1749191132119
jfcfg_db_connections_total_connection_total 3 1749191132119
jfcfg_runtime_heap_freememory_bytes 47895072 1749191132119
jfcfg_runtime_heap_maxmemory_bytes 1518338048 1749191132119
jfcfg_runtime_heap_processors_bytes 8 1749191132119
jfcfg_runtime_heap_totalmemory_bytes 173015040 1749191132119
jfcfg_data_migration_status_status_total{migration_status="NOT_STARTED"} 0 1749191132119

jfcfg_connected_observers_count_total{tenant_id="single_tenant"} 13 1749191192127
jfcfg_db_connections_active_connection_total 0 1749191192127
jfcfg_db_connections_awaiting_connections_total 0 1749191192127
jfcfg_db_connections_idle_connection_total 3 1749191192127
jfcfg_db_connections_total_connection_total 3 1749191192127
jfcfg_runtime_heap_freememory_bytes 45787424 1749191192127
jfcfg_runtime_heap_maxmemory_bytes 1518338048 1749191192127
jfcfg_runtime_heap_processors_bytes 8 1749191192127
jfcfg_runtime_heap_totalmemory_bytes 173015040 1749191192127
jfcfg_data_migration_status_status_total{migration_status="NOT_STARTED"} 0 1749191192127

jfcfg_connected_observers_count_total{tenant_id="single_tenant"} 7 1749191252137
jfcfg_db_connections_active_connection_total 0 1749191252137
jfcfg_db_connections_awaiting_connections_total 0 1749191252137
jfcfg_db_connections_idle_connection_total 3 1749191252137
jfcfg_db_connections_total_connection_total 3 1749191252137
jfcfg_runtime_heap_freememory_bytes 42991616 1749191252137
jfcfg_runtime_heap_maxmemory_bytes 1518338048 1749191252137
jfcfg_runtime_heap_processors_bytes 8 1749191252137
jfcfg_runtime_heap_totalmemory_bytes 173015040 1749191252137
jfcfg_data_migration_status_status_total{migration_status="NOT_STARTED"} 0 1749191252137

jfcfg_connected_observers_count_total{tenant_id="single_tenant"} 7 1749191314690
jfcfg_db_connections_active_connection_total 0 1749191314690
jfcfg_db_connections_awaiting_connections_total 0 1749191314690
jfcfg_db_connections_idle_connection_total 3 1749191314690
jfcfg_db_connections_total_connection_total 3 1749191314690
jfcfg_runtime_heap_freememory_bytes 42371512 1749191314690
jfcfg_runtime_heap_maxmemory_bytes 1518338048 1749191314690
jfcfg_runtime_heap_processors_bytes 8 1749191314690
jfcfg_runtime_heap_totalmemory_bytes 173015040 1749191314690
jfcfg_data_migration_status_status_total{migration_status="NOT_STARTED"} 0 1749191314690

jfcfg_connected_observers_count_total{tenant_id="single_tenant"} 7 1749191383435
jfcfg_db_connections_active_connection_total 0 1749191383435
jfcfg_db_connections_awaiting_connections_total 0 1749191383435
jfcfg_db_connections_idle_connection_total 3 1749191383435
jfcfg_db_connections_total_connection_total 3 1749191383435
jfcfg_runtime_heap_freememory_bytes 39124392 1749191383435
jfcfg_runtime_heap_maxmemory_bytes 1518338048 1749191383435
jfcfg_runtime_heap_processors_bytes 8 1749191383435
jfcfg_runtime_heap_totalmemory_bytes 173015040 1749191383435
jfcfg_data_migration_status_status_total{migration_status="NOT_STARTED"} 0 1749191383435

jfcfg_connected_observers_count_total{tenant_id="single_tenant"} 7 1749191443466
jfcfg_db_connections_active_connection_total 0 1749191443466
jfcfg_db_connections_awaiting_connections_total 0 1749191443466
jfcfg_db_connections_idle_connection_total 2 1749191443466
jfcfg_db_connections_total_connection_total 2 1749191443466
jfcfg_runtime_heap_freememory_bytes 38486688 1749191443466
jfcfg_runtime_heap_maxmemory_bytes 1518338048 1749191443466
jfcfg_runtime_heap_processors_bytes 8 1749191443466
jfcfg_runtime_heap_totalmemory_bytes 173015040 1749191443466
jfcfg_data_migration_status_status_total{migration_status="NOT_STARTED"} 0 1749191443466

jfcfg_runtime_heap_freememory_bytes 58523344 1749210582233
jfcfg_runtime_heap_maxmemory_bytes 1518338048 1749210582233
jfcfg_runtime_heap_processors_bytes 8 1749210582233
jfcfg_runtime_heap_totalmemory_bytes 103809024 1749210582233
jfcfg_data_migration_status_status_total{migration_status="NOT_STARTED"} 0 1749210582233

jfcfg_connected_observers_count_total{tenant_id="single_tenant"} 12 1749210642307
jfcfg_db_connections_active_connection_total 0 1749210642307
jfcfg_db_connections_awaiting_connections_total 0 1749210642307
jfcfg_db_connections_idle_connection_total 3 1749210642307
jfcfg_db_connections_total_connection_total 3 1749210642307
jfcfg_runtime_heap_freememory_bytes 90754400 1749210642307
jfcfg_runtime_heap_maxmemory_bytes 1518338048 1749210642307
jfcfg_runtime_heap_processors_bytes 8 1749210642307
jfcfg_runtime_heap_totalmemory_bytes 149946368 1749210642307
jfcfg_data_migration_status_status_total{migration_status="NOT_STARTED"} 0 1749210642307

jfcfg_connected_observers_count_total{tenant_id="single_tenant"} 12 1749210702340
jfcfg_db_connections_active_connection_total 0 1749210702340
jfcfg_db_connections_awaiting_connections_total 0 1749210702340
jfcfg_db_connections_idle_connection_total 3 1749210702340
jfcfg_db_connections_total_connection_total 3 1749210702340
jfcfg_runtime_heap_freememory_bytes 85314144 1749210702340
jfcfg_runtime_heap_maxmemory_bytes 1518338048 1749210702340
jfcfg_runtime_heap_processors_bytes 8 1749210702340
jfcfg_runtime_heap_totalmemory_bytes 149946368 1749210702340
jfcfg_data_migration_status_status_total{migration_status="NOT_STARTED"} 0 1749210702340

jfcfg_connected_observers_count_total{tenant_id="single_tenant"} 12 1749210762500
jfcfg_db_connections_active_connection_total 0 1749210762500
jfcfg_db_connections_awaiting_connections_total 0 1749210762500
jfcfg_db_connections_idle_connection_total 3 1749210762500
jfcfg_db_connections_total_connection_total 3 1749210762500
jfcfg_runtime_heap_freememory_bytes 84471408 1749210762500
jfcfg_runtime_heap_maxmemory_bytes 1518338048 1749210762500
jfcfg_runtime_heap_processors_bytes 8 1749210762500
jfcfg_runtime_heap_totalmemory_bytes 149946368 1749210762500
jfcfg_data_migration_status_status_total{migration_status="NOT_STARTED"} 0 1749210762500

jfcfg_connected_observers_count_total{tenant_id="single_tenant"} 12 1749210822507
jfcfg_db_connections_active_connection_total 0 1749210822507
jfcfg_db_connections_awaiting_connections_total 0 1749210822507
jfcfg_db_connections_idle_connection_total 3 1749210822507
jfcfg_db_connections_total_connection_total 3 1749210822507
jfcfg_runtime_heap_freememory_bytes 82370880 1749210822507
jfcfg_runtime_heap_maxmemory_bytes 1518338048 1749210822507
jfcfg_runtime_heap_processors_bytes 8 1749210822507
jfcfg_runtime_heap_totalmemory_bytes 149946368 1749210822507
jfcfg_data_migration_status_status_total{migration_status="NOT_STARTED"} 0 1749210822507

jfcfg_connected_observers_count_total{tenant_id="single_tenant"} 12 1749210882510
jfcfg_db_connections_active_connection_total 0 1749210882510
jfcfg_db_connections_awaiting_connections_total 0 1749210882510
jfcfg_db_connections_idle_connection_total 3 1749210882510
jfcfg_db_connections_total_connection_total 3 1749210882510
jfcfg_runtime_heap_freememory_bytes 81302936 1749210882510
jfcfg_runtime_heap_maxmemory_bytes 1518338048 1749210882510
jfcfg_runtime_heap_processors_bytes 8 1749210882510
jfcfg_runtime_heap_totalmemory_bytes 149946368 1749210882510
jfcfg_data_migration_status_status_total{migration_status="NOT_STARTED"} 0 1749210882510

jfcfg_connected_observers_count_total{tenant_id="single_tenant"} 12 1749210942517
jfcfg_db_connections_active_connection_total 0 1749210942517
jfcfg_db_connections_awaiting_connections_total 0 1749210942517
jfcfg_db_connections_idle_connection_total 2 1749210942517
jfcfg_db_connections_total_connection_total 2 1749210942517
jfcfg_runtime_heap_freememory_bytes 80278864 1749210942517
jfcfg_runtime_heap_maxmemory_bytes 1518338048 1749210942517
jfcfg_runtime_heap_processors_bytes 8 1749210942517
jfcfg_runtime_heap_totalmemory_bytes 149946368 1749210942517
jfcfg_data_migration_status_status_total{migration_status="NOT_STARTED"} 0 1749210942517

jfcfg_connected_observers_count_total{tenant_id="single_tenant"} 12 1749211002522
jfcfg_db_connections_active_connection_total 0 1749211002522
jfcfg_db_connections_awaiting_connections_total 0 1749211002522
jfcfg_db_connections_idle_connection_total 2 1749211002522
jfcfg_db_connections_total_connection_total 2 1749211002522
jfcfg_runtime_heap_freememory_bytes 79384768 1749211002522
jfcfg_runtime_heap_maxmemory_bytes 1518338048 1749211002522
jfcfg_runtime_heap_processors_bytes 8 1749211002522
jfcfg_runtime_heap_totalmemory_bytes 149946368 1749211002522
jfcfg_data_migration_status_status_total{migration_status="NOT_STARTED"} 0 1749211002522

jfcfg_connected_observers_count_total{tenant_id="single_tenant"} 12 1749211062528
jfcfg_db_connections_active_connection_total 0 1749211062528
jfcfg_db_connections_awaiting_connections_total 0 1749211062528
jfcfg_db_connections_idle_connection_total 1 1749211062528
jfcfg_db_connections_total_connection_total 1 1749211062528
jfcfg_runtime_heap_freememory_bytes 78023008 1749211062528
jfcfg_runtime_heap_maxmemory_bytes 1518338048 1749211062528
jfcfg_runtime_heap_processors_bytes 8 1749211062528
jfcfg_runtime_heap_totalmemory_bytes 149946368 1749211062528
jfcfg_data_migration_status_status_total{migration_status="NOT_STARTED"} 0 1749211062528

jfcfg_connected_observers_count_total{tenant_id="single_tenant"} 12 1749211122537
jfcfg_db_connections_active_connection_total 0 1749211122537
jfcfg_db_connections_awaiting_connections_total 0 1749211122537
jfcfg_db_connections_idle_connection_total 1 1749211122537
jfcfg_db_connections_total_connection_total 1 1749211122537
jfcfg_runtime_heap_freememory_bytes 76648776 1749211122537
jfcfg_runtime_heap_maxmemory_bytes 1518338048 1749211122537
jfcfg_runtime_heap_processors_bytes 8 1749211122537
jfcfg_runtime_heap_totalmemory_bytes 149946368 1749211122537
jfcfg_data_migration_status_status_total{migration_status="NOT_STARTED"} 0 1749211122537

jfcfg_connected_observers_count_total{tenant_id="single_tenant"} 12 1749211182545
jfcfg_db_connections_active_connection_total 0 1749211182545
jfcfg_db_connections_awaiting_connections_total 0 1749211182545
jfcfg_db_connections_idle_connection_total 1 1749211182545
jfcfg_db_connections_total_connection_total 1 1749211182545
jfcfg_runtime_heap_freememory_bytes 75190464 1749211182545
jfcfg_runtime_heap_maxmemory_bytes 1518338048 1749211182545
jfcfg_runtime_heap_processors_bytes 8 1749211182545
jfcfg_runtime_heap_totalmemory_bytes 149946368 1749211182545
jfcfg_data_migration_status_status_total{migration_status="NOT_STARTED"} 0 1749211182545

jfcfg_connected_observers_count_total{tenant_id="single_tenant"} 12 1749211242568
jfcfg_db_connections_active_connection_total 0 1749211242568
jfcfg_db_connections_awaiting_connections_total 0 1749211242568
jfcfg_db_connections_idle_connection_total 1 1749211242568
jfcfg_db_connections_total_connection_total 1 1749211242568
jfcfg_runtime_heap_freememory_bytes 73224328 1749211242568
jfcfg_runtime_heap_maxmemory_bytes 1518338048 1749211242568
jfcfg_runtime_heap_processors_bytes 8 1749211242568
jfcfg_runtime_heap_totalmemory_bytes 149946368 1749211242568
jfcfg_data_migration_status_status_total{migration_status="NOT_STARTED"} 0 1749211242568

jfcfg_runtime_heap_freememory_bytes 48545504 1749211464239
jfcfg_runtime_heap_maxmemory_bytes 1518338048 1749211464239
jfcfg_runtime_heap_processors_bytes 8 1749211464239
jfcfg_runtime_heap_totalmemory_bytes 102760448 1749211464239
jfcfg_data_migration_status_status_total{migration_status="NOT_STARTED"} 0 1749211464239

jfcfg_connected_observers_count_total{tenant_id="single_tenant"} 5 1749211524289
jfcfg_db_connections_active_connection_total 0 1749211524289
jfcfg_db_connections_awaiting_connections_total 0 1749211524289
jfcfg_db_connections_idle_connection_total 4 1749211524289
jfcfg_db_connections_total_connection_total 4 1749211524289
jfcfg_runtime_heap_freememory_bytes 96263312 1749211524289
jfcfg_runtime_heap_maxmemory_bytes 1518338048 1749211524289
jfcfg_runtime_heap_processors_bytes 8 1749211524289
jfcfg_runtime_heap_totalmemory_bytes 175112192 1749211524289
jfcfg_data_migration_status_status_total{migration_status="NOT_STARTED"} 0 1749211524289

jfcfg_connected_observers_count_total{tenant_id="single_tenant"} 7 1749211584299
jfcfg_db_connections_active_connection_total 0 1749211584299
jfcfg_db_connections_awaiting_connections_total 0 1749211584299
jfcfg_db_connections_idle_connection_total 4 1749211584299
jfcfg_db_connections_total_connection_total 4 1749211584299
jfcfg_runtime_heap_freememory_bytes 93025864 1749211584299
jfcfg_runtime_heap_maxmemory_bytes 1518338048 1749211584299
jfcfg_runtime_heap_processors_bytes 8 1749211584299
jfcfg_runtime_heap_totalmemory_bytes 175112192 1749211584299
jfcfg_data_migration_status_status_total{migration_status="NOT_STARTED"} 0 1749211584299

jfcfg_connected_observers_count_total{tenant_id="single_tenant"} 7 1749211644304
jfcfg_db_connections_active_connection_total 0 1749211644304
jfcfg_db_connections_awaiting_connections_total 0 1749211644304
jfcfg_db_connections_idle_connection_total 4 1749211644304
jfcfg_db_connections_total_connection_total 4 1749211644304
jfcfg_runtime_heap_freememory_bytes 91599504 1749211644304
jfcfg_runtime_heap_maxmemory_bytes 1518338048 1749211644304
jfcfg_runtime_heap_processors_bytes 8 1749211644304
jfcfg_runtime_heap_totalmemory_bytes 175112192 1749211644304
jfcfg_data_migration_status_status_total{migration_status="NOT_STARTED"} 0 1749211644304

jfcfg_connected_observers_count_total{tenant_id="single_tenant"} 7 1749211704312
jfcfg_db_connections_active_connection_total 0 1749211704312
jfcfg_db_connections_awaiting_connections_total 0 1749211704312
jfcfg_db_connections_idle_connection_total 4 1749211704312
jfcfg_db_connections_total_connection_total 4 1749211704312
jfcfg_runtime_heap_freememory_bytes 90054864 1749211704312
jfcfg_runtime_heap_maxmemory_bytes 1518338048 1749211704312
jfcfg_runtime_heap_processors_bytes 8 1749211704312
jfcfg_runtime_heap_totalmemory_bytes 175112192 1749211704312
jfcfg_data_migration_status_status_total{migration_status="NOT_STARTED"} 0 1749211704312

jfcfg_connected_observers_count_total{tenant_id="single_tenant"} 7 1749211764317
jfcfg_db_connections_active_connection_total 0 1749211764317
jfcfg_db_connections_awaiting_connections_total 0 1749211764317
jfcfg_db_connections_idle_connection_total 4 1749211764317
jfcfg_db_connections_total_connection_total 4 1749211764317
jfcfg_runtime_heap_freememory_bytes 88828424 1749211764317
jfcfg_runtime_heap_maxmemory_bytes 1518338048 1749211764317
jfcfg_runtime_heap_processors_bytes 8 1749211764317
jfcfg_runtime_heap_totalmemory_bytes 175112192 1749211764317
jfcfg_data_migration_status_status_total{migration_status="NOT_STARTED"} 0 1749211764317

jfcfg_connected_observers_count_total{tenant_id="single_tenant"} 7 1749211824325
jfcfg_db_connections_active_connection_total 0 1749211824325
jfcfg_db_connections_awaiting_connections_total 0 1749211824325
jfcfg_db_connections_idle_connection_total 4 1749211824325
jfcfg_db_connections_total_connection_total 4 1749211824325
jfcfg_runtime_heap_freememory_bytes 87579128 1749211824325
jfcfg_runtime_heap_maxmemory_bytes 1518338048 1749211824325
jfcfg_runtime_heap_processors_bytes 8 1749211824325
jfcfg_runtime_heap_totalmemory_bytes 175112192 1749211824325
jfcfg_data_migration_status_status_total{migration_status="NOT_STARTED"} 0 1749211824325

jfcfg_connected_observers_count_total{tenant_id="single_tenant"} 7 1749211884330
jfcfg_db_connections_active_connection_total 0 1749211884330
jfcfg_db_connections_awaiting_connections_total 0 1749211884330
jfcfg_db_connections_idle_connection_total 1 1749211884330
jfcfg_db_connections_total_connection_total 1 1749211884330
jfcfg_runtime_heap_freememory_bytes 86273904 1749211884330
jfcfg_runtime_heap_maxmemory_bytes 1518338048 1749211884330
jfcfg_runtime_heap_processors_bytes 8 1749211884330
jfcfg_runtime_heap_totalmemory_bytes 175112192 1749211884330
jfcfg_data_migration_status_status_total{migration_status="NOT_STARTED"} 0 1749211884330

jfcfg_connected_observers_count_total{tenant_id="single_tenant"} 7 1749211944335
jfcfg_db_connections_active_connection_total 0 1749211944335
jfcfg_db_connections_awaiting_connections_total 0 1749211944335
jfcfg_db_connections_idle_connection_total 1 1749211944335
jfcfg_db_connections_total_connection_total 1 1749211944335
jfcfg_runtime_heap_freememory_bytes 85371448 1749211944335
jfcfg_runtime_heap_maxmemory_bytes 1518338048 1749211944335
jfcfg_runtime_heap_processors_bytes 8 1749211944335
jfcfg_runtime_heap_totalmemory_bytes 175112192 1749211944335
jfcfg_data_migration_status_status_total{migration_status="NOT_STARTED"} 0 1749211944335

jfcfg_connected_observers_count_total{tenant_id="single_tenant"} 7 1749212004338
jfcfg_db_connections_active_connection_total 0 1749212004338
jfcfg_db_connections_awaiting_connections_total 0 1749212004338
jfcfg_db_connections_idle_connection_total 1 1749212004338
jfcfg_db_connections_total_connection_total 1 1749212004338
jfcfg_runtime_heap_freememory_bytes 84597352 1749212004338
jfcfg_runtime_heap_maxmemory_bytes 1518338048 1749212004338
jfcfg_runtime_heap_processors_bytes 8 1749212004338
jfcfg_runtime_heap_totalmemory_bytes 175112192 1749212004338
jfcfg_data_migration_status_status_total{migration_status="NOT_STARTED"} 0 1749212004338

jfcfg_connected_observers_count_total{tenant_id="single_tenant"} 7 1749212064363
jfcfg_db_connections_active_connection_total 0 1749212064363
jfcfg_db_connections_awaiting_connections_total 0 1749212064363
jfcfg_db_connections_idle_connection_total 1 1749212064363
jfcfg_db_connections_total_connection_total 1 1749212064363
jfcfg_runtime_heap_freememory_bytes 83700656 1749212064363
jfcfg_runtime_heap_maxmemory_bytes 1518338048 1749212064363
jfcfg_runtime_heap_processors_bytes 8 1749212064363
jfcfg_runtime_heap_totalmemory_bytes 175112192 1749212064363
jfcfg_data_migration_status_status_total{migration_status="NOT_STARTED"} 0 1749212064363

jfcfg_connected_observers_count_total{tenant_id="single_tenant"} 7 1749212124382
jfcfg_db_connections_active_connection_total 0 1749212124382
jfcfg_db_connections_awaiting_connections_total 0 1749212124382
jfcfg_db_connections_idle_connection_total 1 1749212124382
jfcfg_db_connections_total_connection_total 1 1749212124382
jfcfg_runtime_heap_freememory_bytes 82682888 1749212124382
jfcfg_runtime_heap_maxmemory_bytes 1518338048 1749212124382
jfcfg_runtime_heap_processors_bytes 8 1749212124382
jfcfg_runtime_heap_totalmemory_bytes 175112192 1749212124382
jfcfg_data_migration_status_status_total{migration_status="NOT_STARTED"} 0 1749212124382

jfcfg_runtime_heap_freememory_bytes 55032872 1749215235844
jfcfg_runtime_heap_maxmemory_bytes 1518338048 1749215235844
jfcfg_runtime_heap_processors_bytes 8 1749215235844
jfcfg_runtime_heap_totalmemory_bytes 102760448 1749215235844
jfcfg_data_migration_status_status_total{migration_status="NOT_STARTED"} 0 1749215235844

jfcfg_connected_observers_count_total{tenant_id="single_tenant"} 7 1749215295871
jfcfg_db_connections_active_connection_total 0 1749215295871
jfcfg_db_connections_awaiting_connections_total 0 1749215295871
jfcfg_db_connections_idle_connection_total 4 1749215295871
jfcfg_db_connections_total_connection_total 4 1749215295871
jfcfg_runtime_heap_freememory_bytes 85669952 1749215295871
jfcfg_runtime_heap_maxmemory_bytes 1518338048 1749215295871
jfcfg_runtime_heap_processors_bytes 8 1749215295871
jfcfg_runtime_heap_totalmemory_bytes 164626432 1749215295871
jfcfg_data_migration_status_status_total{migration_status="NOT_STARTED"} 0 1749215295871

jfcfg_connected_observers_count_total{tenant_id="single_tenant"} 7 1749215355873
jfcfg_db_connections_active_connection_total 0 1749215355873
jfcfg_db_connections_awaiting_connections_total 0 1749215355873
jfcfg_db_connections_idle_connection_total 4 1749215355873
jfcfg_db_connections_total_connection_total 4 1749215355873
jfcfg_runtime_heap_freememory_bytes 84349592 1749215355873
jfcfg_runtime_heap_maxmemory_bytes 1518338048 1749215355873
jfcfg_runtime_heap_processors_bytes 8 1749215355873
jfcfg_runtime_heap_totalmemory_bytes 164626432 1749215355873
jfcfg_data_migration_status_status_total{migration_status="NOT_STARTED"} 0 1749215355873

jfcfg_connected_observers_count_total{tenant_id="single_tenant"} 7 1749215416126
jfcfg_db_connections_active_connection_total 0 1749215416126
jfcfg_db_connections_awaiting_connections_total 0 1749215416126
jfcfg_db_connections_idle_connection_total 4 1749215416126
jfcfg_db_connections_total_connection_total 4 1749215416126
jfcfg_runtime_heap_freememory_bytes 83758936 1749215416126
jfcfg_runtime_heap_maxmemory_bytes 1518338048 1749215416126
jfcfg_runtime_heap_processors_bytes 8 1749215416126
jfcfg_runtime_heap_totalmemory_bytes 164626432 1749215416126
jfcfg_data_migration_status_status_total{migration_status="NOT_STARTED"} 0 1749215416126

jfcfg_connected_observers_count_total{tenant_id="single_tenant"} 7 1749215476966
jfcfg_db_connections_active_connection_total 0 1749215476966
jfcfg_db_connections_awaiting_connections_total 0 1749215476966
jfcfg_db_connections_idle_connection_total 4 1749215476966
jfcfg_db_connections_total_connection_total 4 1749215476966
jfcfg_runtime_heap_freememory_bytes 82840952 1749215476966
jfcfg_runtime_heap_maxmemory_bytes 1518338048 1749215476966
jfcfg_runtime_heap_processors_bytes 8 1749215476966
jfcfg_runtime_heap_totalmemory_bytes 164626432 1749215476966
jfcfg_data_migration_status_status_total{migration_status="NOT_STARTED"} 0 1749215476966

jfcfg_connected_observers_count_total{tenant_id="single_tenant"} 7 1749215536973
jfcfg_db_connections_active_connection_total 0 1749215536973
jfcfg_db_connections_awaiting_connections_total 0 1749215536973
jfcfg_db_connections_idle_connection_total 4 1749215536973
jfcfg_db_connections_total_connection_total 4 1749215536973
jfcfg_runtime_heap_freememory_bytes 80568152 1749215536973
jfcfg_runtime_heap_maxmemory_bytes 1518338048 1749215536973
jfcfg_runtime_heap_processors_bytes 8 1749215536973
jfcfg_runtime_heap_totalmemory_bytes 164626432 1749215536973
jfcfg_data_migration_status_status_total{migration_status="NOT_STARTED"} 0 1749215536973

jfcfg_connected_observers_count_total{tenant_id="single_tenant"} 7 1749215596975
jfcfg_db_connections_active_connection_total 0 1749215596975
jfcfg_db_connections_awaiting_connections_total 0 1749215596975
jfcfg_db_connections_idle_connection_total 2 1749215596975
jfcfg_db_connections_total_connection_total 2 1749215596975
jfcfg_runtime_heap_freememory_bytes 79313776 1749215596975
jfcfg_runtime_heap_maxmemory_bytes 1518338048 1749215596975
jfcfg_runtime_heap_processors_bytes 8 1749215596975
jfcfg_runtime_heap_totalmemory_bytes 164626432 1749215596975
jfcfg_data_migration_status_status_total{migration_status="NOT_STARTED"} 0 1749215596975

jfcfg_connected_observers_count_total{tenant_id="single_tenant"} 7 1749215656981
jfcfg_db_connections_active_connection_total 0 1749215656981
jfcfg_db_connections_awaiting_connections_total 0 1749215656981
jfcfg_db_connections_idle_connection_total 2 1749215656981
jfcfg_db_connections_total_connection_total 2 1749215656981
jfcfg_runtime_heap_freememory_bytes 78773984 1749215656981
jfcfg_runtime_heap_maxmemory_bytes 1518338048 1749215656981
jfcfg_runtime_heap_processors_bytes 8 1749215656981
jfcfg_runtime_heap_totalmemory_bytes 164626432 1749215656981
jfcfg_data_migration_status_status_total{migration_status="NOT_STARTED"} 0 1749215656981

jfcfg_connected_observers_count_total{tenant_id="single_tenant"} 7 1749215716983
jfcfg_db_connections_active_connection_total 0 1749215716983
jfcfg_db_connections_awaiting_connections_total 0 1749215716983
jfcfg_db_connections_idle_connection_total 1 1749215716983
jfcfg_db_connections_total_connection_total 1 1749215716983
jfcfg_runtime_heap_freememory_bytes 77771280 1749215716983
jfcfg_runtime_heap_maxmemory_bytes 1518338048 1749215716983
jfcfg_runtime_heap_processors_bytes 8 1749215716983
jfcfg_runtime_heap_totalmemory_bytes 164626432 1749215716983
jfcfg_data_migration_status_status_total{migration_status="NOT_STARTED"} 0 1749215716983

