2025-06-06T05:48:58.470Z|55a62b8fcaec0711|http://localhost:8046/access/api/v1/system/ping|GET|200|OK|158
2025-06-06T05:48:58.567Z|55a62b8fcaec0711|http://localhost:8046/access/api/v1/cert/root|GET|200|OK|41
2025-06-06T05:48:58.851Z|55a62b8fcaec0711|http://localhost:8046/access/api/v1/registry/join|POST|201|Created|33
2025-06-06T05:49:02.023Z|2f95632c07207122|http://localhost:8046/access/api/v1/config/shared|GET|200|OK|44
2025-06-06T05:49:43.304Z|4da908bd7c071fac|http://localhost:8046/access/api/v1/registry/versions/artifactory-node-1|GET|200|OK|123
2025-06-06T05:51:47.953Z|03e764068f368f46|http://localhost:8046/access/api/v1/registry/versions/artifactory-node-1|GET|200|OK|86
2025-06-06T05:54:05.842Z|6954a41b657aab35|http://localhost:8046/access/api/v1/registry/versions/artifactory-node-1|GET|200|OK|3363
2025-06-06T05:56:10.869Z|79a4471d5849d028|http://localhost:8046/access/api/v1/registry/versions/artifactory-node-1|GET|200|OK|1460
2025-06-06T05:58:14.706Z|3e9e321837e5fdfd|http://localhost:8046/access/api/v1/registry/versions/artifactory-node-1|GET|200|OK|34
2025-06-06T05:59:03.502Z||http://localhost:8046/access/api/v1/config/shared|GET|200|OK|16
2025-06-06T06:00:14.855Z|29e9b0e73a3327da|http://localhost:8046/access/api/v1/registry/versions/artifactory-node-1|GET|200|OK|67
2025-06-06T06:02:37.572Z|58eddc58062ab7d4|http://localhost:8046/access/api/v1/registry/versions/artifactory-node-1|GET|200|OK|169
2025-06-06T06:04:38.373Z|7290df6dfcddae4f|http://localhost:8046/access/api/v1/registry/versions/artifactory-node-1|GET|200|OK|48
2025-06-06T06:06:39.670Z|5fc3da6e7773c92a|http://localhost:8046/access/api/v1/registry/versions/artifactory-node-1|GET|200|OK|36
2025-06-06T06:08:44.785Z|31a8b2ea51f39e93|http://localhost:8046/access/api/v1/registry/versions/artifactory-node-1|GET|200|OK|55
2025-06-06T06:09:04.677Z||http://localhost:8046/access/api/v1/config/shared|GET|200|OK|22
2025-06-06T06:10:45.419Z|5f4b9550cafc7da1|http://localhost:8046/access/api/v1/registry/versions/artifactory-node-1|GET|200|OK|32
2025-06-06T06:12:48.620Z|5deab1c6a93f24f8|http://localhost:8046/access/api/v1/registry/versions/artifactory-node-1|GET|200|OK|23
2025-06-06T06:14:48.658Z|77c68ab431b105ae|http://localhost:8046/access/api/v1/registry/versions/artifactory-node-1|GET|200|OK|25
2025-06-06T06:16:53.710Z|5c429ce9167623d6|http://localhost:8046/access/api/v1/registry/versions/artifactory-node-1|GET|200|OK|44
2025-06-06T06:18:54.611Z|6451ae646f97e4ed|http://localhost:8046/access/api/v1/registry/versions/artifactory-node-1|GET|200|OK|35
2025-06-06T06:19:05.510Z||http://localhost:8046/access/api/v1/config/shared|GET|200|OK|16
2025-06-06T06:20:59.631Z|022c0c682be790fa|http://localhost:8046/access/api/v1/registry/versions/artifactory-node-1|GET|200|OK|23
2025-06-06T06:24:46.441Z|5fcace5cb6c42f7a|http://localhost:8046/access/api/v1/system/ping|GET|200|OK|610
2025-06-06T06:24:47.226Z|5fcace5cb6c42f7a|http://localhost:8046/access/api/v1/cert/root|GET|200|OK|22
2025-06-06T06:24:48.350Z|5fcace5cb6c42f7a|http://localhost:8046/access/api/v1/registry/join|POST|201|Created|34
2025-06-06T06:24:52.479Z|724fdf43a0e1122e|http://localhost:8046/access/api/v1/config/shared|GET|200|OK|78
2025-06-06T06:24:53.780Z|724fdf43a0e1122e|http://localhost:8046/access/api/v1/registry/versions/artifactory-node-1|GET|200|OK|199
2025-06-06T06:26:56.167Z|78ce6f9000e0d943|http://localhost:8046/access/api/v1/registry/versions/artifactory-node-1|GET|200|OK|138
2025-06-06T06:29:00.781Z|0dbce6d83eda048f|http://localhost:8046/access/api/v1/registry/versions/artifactory-node-1|GET|200|OK|49
2025-06-06T06:31:04.375Z|46940148e64d132f|http://localhost:8046/access/api/v1/registry/versions/artifactory-node-1|GET|200|OK|20
2025-06-06T11:49:44.312Z|49e26f7a220c440e|http://localhost:8046/access/api/v1/system/ping|GET|200|OK|121
2025-06-06T11:49:44.462Z|49e26f7a220c440e|http://localhost:8046/access/api/v1/cert/root|GET|200|OK|24
2025-06-06T11:49:44.763Z|49e26f7a220c440e|http://localhost:8046/access/api/v1/registry/join|POST|201|Created|33
2025-06-06T11:49:48.262Z|2cd9907117a27896|http://localhost:8046/access/api/v1/config/shared|GET|200|OK|47
2025-06-06T11:49:49.735Z|2cd9907117a27896|http://localhost:8046/access/api/v1/registry/versions/artifactory-node-1|GET|200|OK|540
2025-06-06T11:51:52.505Z|7327d0dcbc801bc2|http://localhost:8046/access/api/v1/registry/versions/artifactory-node-1|GET|200|OK|48
2025-06-06T11:53:55.186Z|46be1fd914c78242|http://localhost:8046/access/api/v1/registry/versions/artifactory-node-1|GET|200|OK|29
2025-06-06T11:56:00.198Z|20e59b820a46c3d1|http://localhost:8046/access/api/v1/registry/versions/artifactory-node-1|GET|200|OK|30
2025-06-06T11:58:05.213Z|4f567760973c51c4|http://localhost:8046/access/api/v1/registry/versions/artifactory-node-1|GET|200|OK|28
2025-06-06T11:59:48.677Z||http://localhost:8046/access/api/v1/config/shared|GET|200|OK|34
2025-06-06T12:00:05.300Z|2ea212b31a47ef8c|http://localhost:8046/access/api/v1/registry/versions/artifactory-node-1|GET|200|OK|27
2025-06-06T12:05:07.694Z|12917f93825ed5e7|http://localhost:8046/access/api/v1/system/ping|GET|200|OK|644
2025-06-06T12:05:07.984Z|12917f93825ed5e7|http://localhost:8046/access/api/v1/cert/root|GET|200|OK|45
2025-06-06T12:05:08.705Z|12917f93825ed5e7|http://localhost:8046/access/api/v1/registry/join|POST|201|Created|63
2025-06-06T12:05:10.639Z|4f2f486d51c30e7a|http://localhost:8046/access/api/v1/config/shared|GET|200|OK|35
2025-06-06T12:05:11.729Z|4f2f486d51c30e7a|http://localhost:8046/access/api/v1/registry/versions/artifactory-node-1|GET|200|OK|247
2025-06-06T12:07:12.530Z|211103e3397868c8|http://localhost:8046/access/api/v1/registry/versions/artifactory-node-1|GET|200|OK|134
2025-06-06T12:09:17.198Z|06024f9a2c671577|http://localhost:8046/access/api/v1/registry/versions/artifactory-node-1|GET|200|OK|26
2025-06-06T12:11:22.206Z|66de15d7dbe07f95|http://localhost:8046/access/api/v1/registry/versions/artifactory-node-1|GET|200|OK|39
2025-06-06T12:13:27.253Z|54caedc1173a2806|http://localhost:8046/access/api/v1/registry/versions/artifactory-node-1|GET|200|OK|44
2025-06-06T12:15:12.601Z||http://localhost:8046/access/api/v1/config/shared|GET|200|OK|28
2025-06-06T12:15:28.908Z|7fabf102033664ef|http://localhost:8046/access/api/v1/registry/versions/artifactory-node-1|GET|200|OK|1197
2025-06-06T13:07:17.781Z|3275525d14739564|http://localhost:8046/access/api/v1/system/ping|GET|200|OK|99
2025-06-06T13:07:17.833Z|3275525d14739564|http://localhost:8046/access/api/v1/cert/root|GET|200|OK|15
2025-06-06T13:07:18.139Z|3275525d14739564|http://localhost:8046/access/api/v1/registry/join|POST|201|Created|42
2025-06-06T13:07:21.513Z|69d350c41e6dd7ae|http://localhost:8046/access/api/v1/config/shared|GET|200|OK|20
2025-06-06T13:07:21.513Z|436ad75abe02d75a|http://localhost:8046/access/api/v1/config/shared|GET|200|OK|21
2025-06-06T13:07:23.040Z|3e0f2a8c0457697b|http://localhost:8046/access/api/v1/registry/versions/artifactory-node-1|GET|200|OK|43
2025-06-06T13:09:26.237Z|1177302c95178801|http://localhost:8046/access/api/v1/registry/versions/artifactory-node-1|GET|200|OK|16
2025-06-06T13:11:29.207Z|41f2b2079d487b33|http://localhost:8046/access/api/v1/registry/versions/artifactory-node-1|GET|200|OK|1242
2025-06-06T13:13:30.708Z|27d8c6d1a0b35895|http://localhost:8046/access/api/v1/registry/versions/artifactory-node-1|GET|200|OK|12
